0 verbose cli /usr/bin/node /usr/bin/npm
1 info using npm@10.8.2
2 info using node@v20.19.1
3 silly config load:file:/usr/lib/node_modules/npm/npmrc
4 silly config load:file:/root/.npmrc
5 silly config load:file:/usr/etc/npmrc
6 verbose title npm install pm2
7 verbose argv "install" "--global" "pm2"
8 verbose logfile logs-max:10 dir:/root/.npm/_logs/2025-04-24T09_04_12_233Z-
9 verbose logfile /root/.npm/_logs/2025-04-24T09_04_12_233Z-debug-0.log
10 silly packumentCache heap:2197815296 maxSize:549453824 maxEntrySize:274726912
11 silly logfile done cleaning log files
12 silly idealTree buildDeps
13 silly fetch manifest pm2@*
14 silly packumentCache full:https://registry.npmjs.org/pm2 cache-miss
15 http fetch GET 200 https://registry.npmjs.org/npm 160ms
16 http fetch GET 200 https://registry.npmjs.org/pm2 151ms (cache miss)
17 silly packumentCache full:https://registry.npmjs.org/pm2 set size:undefined disposed:false
18 silly placeDep ROOT pm2@6.0.5 OK for:  want: *
19 silly fetch manifest @pm2/agent@~2.1.1
20 silly packumentCache full:https://registry.npmjs.org/@pm2%2fagent cache-miss
21 http fetch GET 200 https://registry.npmjs.org/@pm2%2fagent 66ms (cache miss)
22 silly packumentCache full:https://registry.npmjs.org/@pm2%2fagent set size:undefined disposed:false
23 silly fetch manifest @pm2/js-api@~0.8.0
24 silly packumentCache full:https://registry.npmjs.org/@pm2%2fjs-api cache-miss
25 http fetch GET 200 https://registry.npmjs.org/@pm2%2fjs-api 60ms (cache miss)
26 silly packumentCache full:https://registry.npmjs.org/@pm2%2fjs-api set size:undefined disposed:false
27 silly fetch manifest @pm2/io@~6.1.0
28 silly packumentCache full:https://registry.npmjs.org/@pm2%2fio cache-miss
29 http fetch GET 200 https://registry.npmjs.org/@pm2%2fio 63ms (cache miss)
30 silly packumentCache full:https://registry.npmjs.org/@pm2%2fio set size:undefined disposed:false
31 silly fetch manifest @pm2/pm2-version-check@latest
32 silly packumentCache full:https://registry.npmjs.org/@pm2%2fpm2-version-check cache-miss
33 http fetch GET 200 https://registry.npmjs.org/@pm2%2fpm2-version-check 54ms (cache miss)
34 silly packumentCache full:https://registry.npmjs.org/@pm2%2fpm2-version-check set size:undefined disposed:false
35 silly fetch manifest async@~3.2.6
36 silly packumentCache full:https://registry.npmjs.org/async cache-miss
37 http fetch GET 200 https://registry.npmjs.org/async 38ms (cache miss)
38 silly packumentCache full:https://registry.npmjs.org/async set size:undefined disposed:false
39 silly fetch manifest blessed@0.1.81
40 silly packumentCache full:https://registry.npmjs.org/blessed cache-miss
41 http fetch GET 200 https://registry.npmjs.org/blessed 36ms (cache miss)
42 silly packumentCache full:https://registry.npmjs.org/blessed set size:undefined disposed:false
43 silly fetch manifest chalk@3.0.0
44 silly packumentCache full:https://registry.npmjs.org/chalk cache-miss
45 http fetch GET 200 https://registry.npmjs.org/chalk 45ms (cache miss)
46 silly packumentCache full:https://registry.npmjs.org/chalk set size:undefined disposed:false
47 silly fetch manifest chokidar@^3.5.3
48 silly packumentCache full:https://registry.npmjs.org/chokidar cache-miss
49 http fetch GET 200 https://registry.npmjs.org/chokidar 45ms (cache miss)
50 silly packumentCache full:https://registry.npmjs.org/chokidar set size:undefined disposed:false
51 silly fetch manifest cli-tableau@^2.0.0
52 silly packumentCache full:https://registry.npmjs.org/cli-tableau cache-miss
53 http fetch GET 200 https://registry.npmjs.org/cli-tableau 32ms (cache miss)
54 silly packumentCache full:https://registry.npmjs.org/cli-tableau set size:undefined disposed:false
55 silly fetch manifest commander@2.15.1
56 silly packumentCache full:https://registry.npmjs.org/commander cache-miss
57 http fetch GET 200 https://registry.npmjs.org/commander 46ms (cache miss)
58 silly packumentCache full:https://registry.npmjs.org/commander set size:undefined disposed:false
59 silly fetch manifest croner@~4.1.92
60 silly packumentCache full:https://registry.npmjs.org/croner cache-miss
61 http fetch GET 200 https://registry.npmjs.org/croner 65ms (cache miss)
62 silly packumentCache full:https://registry.npmjs.org/croner set size:undefined disposed:false
63 silly fetch manifest dayjs@~1.11.13
64 silly packumentCache full:https://registry.npmjs.org/dayjs cache-miss
65 http fetch GET 200 https://registry.npmjs.org/dayjs 44ms (cache miss)
66 silly packumentCache full:https://registry.npmjs.org/dayjs set size:undefined disposed:false
67 silly fetch manifest debug@^4.3.7
68 silly packumentCache full:https://registry.npmjs.org/debug cache-miss
69 http fetch GET 200 https://registry.npmjs.org/debug 35ms (cache miss)
70 silly packumentCache full:https://registry.npmjs.org/debug set size:undefined disposed:false
71 silly fetch manifest enquirer@2.3.6
72 silly packumentCache full:https://registry.npmjs.org/enquirer cache-miss
73 http fetch GET 200 https://registry.npmjs.org/enquirer 48ms (cache miss)
74 silly packumentCache full:https://registry.npmjs.org/enquirer set size:undefined disposed:false
75 silly fetch manifest eventemitter2@5.0.1
76 silly packumentCache full:https://registry.npmjs.org/eventemitter2 cache-miss
77 http fetch GET 200 https://registry.npmjs.org/eventemitter2 37ms (cache miss)
78 silly packumentCache full:https://registry.npmjs.org/eventemitter2 set size:undefined disposed:false
79 silly fetch manifest fclone@1.0.11
80 silly packumentCache full:https://registry.npmjs.org/fclone cache-miss
81 http fetch GET 200 https://registry.npmjs.org/fclone 44ms (cache miss)
82 silly packumentCache full:https://registry.npmjs.org/fclone set size:undefined disposed:false
83 silly fetch manifest mkdirp@1.0.4
84 silly packumentCache full:https://registry.npmjs.org/mkdirp cache-miss
85 http fetch GET 200 https://registry.npmjs.org/mkdirp 38ms (cache miss)
86 silly packumentCache full:https://registry.npmjs.org/mkdirp set size:undefined disposed:false
87 silly fetch manifest needle@2.4.0
88 silly packumentCache full:https://registry.npmjs.org/needle cache-miss
89 http fetch GET 200 https://registry.npmjs.org/needle 43ms (cache miss)
90 silly packumentCache full:https://registry.npmjs.org/needle set size:undefined disposed:false
91 silly fetch manifest pidusage@~3.0
92 silly packumentCache full:https://registry.npmjs.org/pidusage cache-miss
93 http fetch GET 200 https://registry.npmjs.org/pidusage 43ms (cache miss)
94 silly packumentCache full:https://registry.npmjs.org/pidusage set size:undefined disposed:false
95 silly fetch manifest pm2-axon@~4.0.1
96 silly packumentCache full:https://registry.npmjs.org/pm2-axon cache-miss
97 http fetch GET 200 https://registry.npmjs.org/pm2-axon 39ms (cache miss)
98 silly packumentCache full:https://registry.npmjs.org/pm2-axon set size:undefined disposed:false
99 silly fetch manifest pm2-axon-rpc@~0.7.1
100 silly packumentCache full:https://registry.npmjs.org/pm2-axon-rpc cache-miss
101 http fetch GET 200 https://registry.npmjs.org/pm2-axon-rpc 37ms (cache miss)
102 silly packumentCache full:https://registry.npmjs.org/pm2-axon-rpc set size:undefined disposed:false
103 silly fetch manifest pm2-deploy@~1.0.2
104 silly packumentCache full:https://registry.npmjs.org/pm2-deploy cache-miss
105 http fetch GET 200 https://registry.npmjs.org/pm2-deploy 37ms (cache miss)
106 silly packumentCache full:https://registry.npmjs.org/pm2-deploy set size:undefined disposed:false
107 silly fetch manifest pm2-multimeter@^0.1.2
108 silly packumentCache full:https://registry.npmjs.org/pm2-multimeter cache-miss
109 http fetch GET 200 https://registry.npmjs.org/pm2-multimeter 32ms (cache miss)
110 silly packumentCache full:https://registry.npmjs.org/pm2-multimeter set size:undefined disposed:false
111 silly fetch manifest promptly@^2
112 silly packumentCache full:https://registry.npmjs.org/promptly cache-miss
113 http fetch GET 200 https://registry.npmjs.org/promptly 43ms (cache miss)
114 silly packumentCache full:https://registry.npmjs.org/promptly set size:undefined disposed:false
115 silly fetch manifest semver@^7.6.2
116 silly packumentCache full:https://registry.npmjs.org/semver cache-miss
117 http fetch GET 200 https://registry.npmjs.org/semver 35ms (cache miss)
118 silly packumentCache full:https://registry.npmjs.org/semver set size:undefined disposed:false
119 silly fetch manifest source-map-support@0.5.21
120 silly packumentCache full:https://registry.npmjs.org/source-map-support cache-miss
121 http fetch GET 200 https://registry.npmjs.org/source-map-support 44ms (cache miss)
122 silly packumentCache full:https://registry.npmjs.org/source-map-support set size:undefined disposed:false
123 silly fetch manifest sprintf-js@1.1.2
124 silly packumentCache full:https://registry.npmjs.org/sprintf-js cache-miss
125 http fetch GET 200 https://registry.npmjs.org/sprintf-js 31ms (cache miss)
126 silly packumentCache full:https://registry.npmjs.org/sprintf-js set size:undefined disposed:false
127 silly fetch manifest vizion@~2.2.1
128 silly packumentCache full:https://registry.npmjs.org/vizion cache-miss
129 http fetch GET 200 https://registry.npmjs.org/vizion 34ms (cache miss)
130 silly packumentCache full:https://registry.npmjs.org/vizion set size:undefined disposed:false
131 silly fetch manifest js-yaml@~4.1.0
132 silly packumentCache full:https://registry.npmjs.org/js-yaml cache-miss
133 http fetch GET 200 https://registry.npmjs.org/js-yaml 36ms (cache miss)
134 silly packumentCache full:https://registry.npmjs.org/js-yaml set size:undefined disposed:false
135 silly fetch manifest pm2-sysmonit@^1.2.8
136 silly packumentCache full:https://registry.npmjs.org/pm2-sysmonit cache-miss
137 http fetch GET 200 https://registry.npmjs.org/pm2-sysmonit 42ms (cache miss)
138 silly packumentCache full:https://registry.npmjs.org/pm2-sysmonit set size:undefined disposed:false
139 silly placeDep node_modules/pm2 @pm2/agent@2.1.1 OK for: pm2@6.0.5 want: ~2.1.1
140 silly placeDep node_modules/pm2 @pm2/io@6.1.0 OK for: pm2@6.0.5 want: ~6.1.0
141 silly placeDep node_modules/pm2 @pm2/js-api@0.8.0 OK for: pm2@6.0.5 want: ~0.8.0
142 silly placeDep node_modules/pm2 @pm2/pm2-version-check@1.0.4 OK for: pm2@6.0.5 want: latest
143 silly placeDep node_modules/pm2 async@3.2.6 OK for: pm2@6.0.5 want: ~3.2.6
144 silly placeDep node_modules/pm2 blessed@0.1.81 OK for: pm2@6.0.5 want: 0.1.81
145 silly placeDep node_modules/pm2 chalk@3.0.0 OK for: pm2@6.0.5 want: 3.0.0
146 silly placeDep node_modules/pm2 chokidar@3.6.0 OK for: pm2@6.0.5 want: ^3.5.3
147 silly placeDep node_modules/pm2 cli-tableau@2.0.1 OK for: pm2@6.0.5 want: ^2.0.0
148 silly placeDep node_modules/pm2 commander@2.15.1 OK for: pm2@6.0.5 want: 2.15.1
149 silly placeDep node_modules/pm2 croner@4.1.97 OK for: pm2@6.0.5 want: ~4.1.92
150 silly placeDep node_modules/pm2 dayjs@1.11.13 OK for: pm2@6.0.5 want: ~1.11.13
151 silly placeDep node_modules/pm2 debug@4.4.0 OK for: pm2@6.0.5 want: ^4.3.7
152 silly placeDep node_modules/pm2 enquirer@2.3.6 OK for: pm2@6.0.5 want: 2.3.6
153 silly placeDep node_modules/pm2 eventemitter2@5.0.1 OK for: pm2@6.0.5 want: 5.0.1
154 silly placeDep node_modules/pm2 fclone@1.0.11 OK for: pm2@6.0.5 want: 1.0.11
155 silly placeDep node_modules/pm2 js-yaml@4.1.0 OK for: pm2@6.0.5 want: ~4.1.0
156 silly placeDep node_modules/pm2 mkdirp@1.0.4 OK for: pm2@6.0.5 want: 1.0.4
157 silly placeDep node_modules/pm2 needle@2.4.0 OK for: pm2@6.0.5 want: 2.4.0
158 silly placeDep node_modules/pm2 pidusage@3.0.2 OK for: pm2@6.0.5 want: ~3.0
159 silly placeDep node_modules/pm2 pm2-axon@4.0.1 OK for: pm2@6.0.5 want: ~4.0.1
160 silly placeDep node_modules/pm2 pm2-axon-rpc@0.7.1 OK for: pm2@6.0.5 want: ~0.7.1
161 silly placeDep node_modules/pm2 pm2-deploy@1.0.2 OK for: pm2@6.0.5 want: ~1.0.2
162 silly placeDep node_modules/pm2 pm2-multimeter@0.1.2 OK for: pm2@6.0.5 want: ^0.1.2
163 silly placeDep node_modules/pm2 pm2-sysmonit@1.2.8 OK for: pm2@6.0.5 want: ^1.2.8
164 silly placeDep node_modules/pm2 promptly@2.2.0 OK for: pm2@6.0.5 want: ^2
165 silly placeDep node_modules/pm2 semver@7.7.1 OK for: pm2@6.0.5 want: ^7.6.2
166 silly placeDep node_modules/pm2 source-map-support@0.5.21 OK for: pm2@6.0.5 want: 0.5.21
167 silly placeDep node_modules/pm2 sprintf-js@1.1.2 OK for: pm2@6.0.5 want: 1.1.2
168 silly placeDep node_modules/pm2 vizion@2.2.1 OK for: pm2@6.0.5 want: ~2.2.1
169 silly fetch manifest async@~3.2.0
170 silly packumentCache full:https://registry.npmjs.org/async cache-miss
171 http fetch GET 200 https://registry.npmjs.org/async 8ms (cache hit)
172 silly packumentCache full:https://registry.npmjs.org/async set size:230496 disposed:false
173 silly fetch manifest chalk@~3.0.0
174 silly packumentCache full:https://registry.npmjs.org/chalk cache-miss
175 http fetch GET 200 https://registry.npmjs.org/chalk 4ms (cache hit)
176 silly packumentCache full:https://registry.npmjs.org/chalk set size:122561 disposed:false
177 silly fetch manifest dayjs@~1.8.24
178 silly packumentCache full:https://registry.npmjs.org/dayjs cache-miss
179 http fetch GET 200 https://registry.npmjs.org/dayjs 3ms (cache hit)
180 silly packumentCache full:https://registry.npmjs.org/dayjs set size:463143 disposed:false
181 silly fetch manifest debug@~4.3.1
182 silly packumentCache full:https://registry.npmjs.org/debug cache-miss
183 http fetch GET 200 https://registry.npmjs.org/debug 3ms (cache hit)
184 silly packumentCache full:https://registry.npmjs.org/debug set size:191237 disposed:false
185 silly fetch manifest eventemitter2@~5.0.1
186 silly packumentCache full:https://registry.npmjs.org/eventemitter2 cache-miss
187 http fetch GET 200 https://registry.npmjs.org/eventemitter2 4ms (cache hit)
188 silly packumentCache full:https://registry.npmjs.org/eventemitter2 set size:172525 disposed:false
189 silly fetch manifest fast-json-patch@^3.1.0
190 silly packumentCache full:https://registry.npmjs.org/fast-json-patch cache-miss
191 http fetch GET 200 https://registry.npmjs.org/fast-json-patch 45ms (cache miss)
192 silly packumentCache full:https://registry.npmjs.org/fast-json-patch set size:undefined disposed:false
193 silly fetch manifest fclone@~1.0.11
194 silly packumentCache full:https://registry.npmjs.org/fclone cache-miss
195 http fetch GET 200 https://registry.npmjs.org/fclone 3ms (cache hit)
196 silly packumentCache full:https://registry.npmjs.org/fclone set size:19653 disposed:false
197 silly fetch manifest pm2-axon-rpc@~0.7.0
198 silly packumentCache full:https://registry.npmjs.org/pm2-axon-rpc cache-miss
199 http fetch GET 200 https://registry.npmjs.org/pm2-axon-rpc 3ms (cache hit)
200 silly packumentCache full:https://registry.npmjs.org/pm2-axon-rpc set size:41743 disposed:false
201 silly fetch manifest proxy-agent@~6.4.0
202 silly packumentCache full:https://registry.npmjs.org/proxy-agent cache-miss
203 http fetch GET 200 https://registry.npmjs.org/proxy-agent 34ms (cache miss)
204 silly packumentCache full:https://registry.npmjs.org/proxy-agent set size:undefined disposed:false
205 silly fetch manifest semver@~7.5.0
206 silly packumentCache full:https://registry.npmjs.org/semver cache-miss
207 http fetch GET 200 https://registry.npmjs.org/semver 4ms (cache hit)
208 silly packumentCache full:https://registry.npmjs.org/semver set size:221568 disposed:false
209 silly fetch manifest ws@~7.5.10
210 silly packumentCache full:https://registry.npmjs.org/ws cache-miss
211 http fetch GET 200 https://registry.npmjs.org/ws 50ms (cache miss)
212 silly packumentCache full:https://registry.npmjs.org/ws set size:undefined disposed:false
213 silly fetch manifest async@~2.6.1
214 silly packumentCache full:https://registry.npmjs.org/async cache-hit
215 silly fetch manifest eventemitter2@^6.3.1
216 silly packumentCache full:https://registry.npmjs.org/eventemitter2 cache-hit
217 silly fetch manifest require-in-the-middle@^5.0.0
218 silly packumentCache full:https://registry.npmjs.org/require-in-the-middle cache-miss
219 http fetch GET 200 https://registry.npmjs.org/require-in-the-middle 39ms (cache miss)
220 silly packumentCache full:https://registry.npmjs.org/require-in-the-middle set size:undefined disposed:false
221 silly fetch manifest semver@~7.5.4
222 silly packumentCache full:https://registry.npmjs.org/semver cache-hit
223 silly fetch manifest shimmer@^1.2.0
224 silly packumentCache full:https://registry.npmjs.org/shimmer cache-miss
225 http fetch GET 200 https://registry.npmjs.org/shimmer 37ms (cache miss)
226 silly packumentCache full:https://registry.npmjs.org/shimmer set size:undefined disposed:false
227 silly fetch manifest signal-exit@^3.0.3
228 silly packumentCache full:https://registry.npmjs.org/signal-exit cache-miss
229 http fetch GET 200 https://registry.npmjs.org/signal-exit 32ms (cache miss)
230 silly packumentCache full:https://registry.npmjs.org/signal-exit set size:undefined disposed:false
231 silly fetch manifest tslib@1.9.3
232 silly packumentCache full:https://registry.npmjs.org/tslib cache-miss
233 http fetch GET 200 https://registry.npmjs.org/tslib 37ms (cache miss)
234 silly packumentCache full:https://registry.npmjs.org/tslib set size:undefined disposed:false
235 silly fetch manifest async@^2.6.3
236 silly packumentCache full:https://registry.npmjs.org/async cache-hit
237 silly fetch manifest extrareqp2@^1.0.0
238 silly packumentCache full:https://registry.npmjs.org/extrareqp2 cache-miss
239 http fetch GET 200 https://registry.npmjs.org/extrareqp2 31ms (cache miss)
240 silly packumentCache full:https://registry.npmjs.org/extrareqp2 set size:undefined disposed:false
241 silly fetch manifest ws@^7.0.0
242 silly packumentCache full:https://registry.npmjs.org/ws cache-miss
243 http fetch GET 200 https://registry.npmjs.org/ws 4ms (cache hit)
244 silly packumentCache full:https://registry.npmjs.org/ws set size:406002 disposed:false
245 silly fetch manifest debug@^4.3.1
246 silly packumentCache full:https://registry.npmjs.org/debug cache-hit
247 silly fetch manifest ansi-styles@^4.1.0
248 silly packumentCache full:https://registry.npmjs.org/ansi-styles cache-miss
249 http fetch GET 200 https://registry.npmjs.org/ansi-styles 38ms (cache miss)
250 silly packumentCache full:https://registry.npmjs.org/ansi-styles set size:undefined disposed:false
251 silly fetch manifest supports-color@^7.1.0
252 silly packumentCache full:https://registry.npmjs.org/supports-color cache-miss
253 http fetch GET 200 https://registry.npmjs.org/supports-color 31ms (cache miss)
254 silly packumentCache full:https://registry.npmjs.org/supports-color set size:undefined disposed:false
255 silly fetch manifest braces@~3.0.2
256 silly packumentCache full:https://registry.npmjs.org/braces cache-miss
257 http fetch GET 200 https://registry.npmjs.org/braces 42ms (cache miss)
258 silly packumentCache full:https://registry.npmjs.org/braces set size:undefined disposed:false
259 silly fetch manifest is-glob@~4.0.1
260 silly packumentCache full:https://registry.npmjs.org/is-glob cache-miss
261 http fetch GET 200 https://registry.npmjs.org/is-glob 36ms (cache miss)
262 silly packumentCache full:https://registry.npmjs.org/is-glob set size:undefined disposed:false
263 silly fetch manifest anymatch@~3.1.2
264 silly packumentCache full:https://registry.npmjs.org/anymatch cache-miss
265 http fetch GET 200 https://registry.npmjs.org/anymatch 35ms (cache miss)
266 silly packumentCache full:https://registry.npmjs.org/anymatch set size:undefined disposed:false
267 silly fetch manifest readdirp@~3.6.0
268 silly packumentCache full:https://registry.npmjs.org/readdirp cache-miss
269 http fetch GET 200 https://registry.npmjs.org/readdirp 33ms (cache miss)
270 silly packumentCache full:https://registry.npmjs.org/readdirp set size:undefined disposed:false
271 silly fetch manifest glob-parent@~5.1.2
272 silly packumentCache full:https://registry.npmjs.org/glob-parent cache-miss
273 http fetch GET 200 https://registry.npmjs.org/glob-parent 45ms (cache miss)
274 silly packumentCache full:https://registry.npmjs.org/glob-parent set size:undefined disposed:false
275 silly fetch manifest is-binary-path@~2.1.0
276 silly packumentCache full:https://registry.npmjs.org/is-binary-path cache-miss
277 http fetch GET 200 https://registry.npmjs.org/is-binary-path 47ms (cache miss)
278 silly packumentCache full:https://registry.npmjs.org/is-binary-path set size:undefined disposed:false
279 silly fetch manifest normalize-path@~3.0.0
280 silly packumentCache full:https://registry.npmjs.org/normalize-path cache-miss
281 http fetch GET 200 https://registry.npmjs.org/normalize-path 31ms (cache miss)
282 silly packumentCache full:https://registry.npmjs.org/normalize-path set size:undefined disposed:false
283 silly fetch manifest fsevents@~2.3.2
284 silly packumentCache full:https://registry.npmjs.org/fsevents cache-miss
285 http fetch GET 200 https://registry.npmjs.org/fsevents 36ms (cache miss)
286 silly packumentCache full:https://registry.npmjs.org/fsevents set size:undefined disposed:false
287 silly fetch manifest ms@^2.1.3
288 silly packumentCache full:https://registry.npmjs.org/ms cache-miss
289 http fetch GET 200 https://registry.npmjs.org/ms 38ms (cache miss)
290 silly packumentCache full:https://registry.npmjs.org/ms set size:undefined disposed:false
291 silly fetch manifest ansi-colors@^4.1.1
292 silly packumentCache full:https://registry.npmjs.org/ansi-colors cache-miss
293 http fetch GET 200 https://registry.npmjs.org/ansi-colors 40ms (cache miss)
294 silly packumentCache full:https://registry.npmjs.org/ansi-colors set size:undefined disposed:false
295 silly fetch manifest argparse@^2.0.1
296 silly packumentCache full:https://registry.npmjs.org/argparse cache-miss
297 http fetch GET 200 https://registry.npmjs.org/argparse 48ms (cache miss)
298 silly packumentCache full:https://registry.npmjs.org/argparse set size:undefined disposed:false
299 silly fetch manifest debug@^3.2.6
300 silly packumentCache full:https://registry.npmjs.org/debug cache-hit
301 silly fetch manifest iconv-lite@^0.4.4
302 silly packumentCache full:https://registry.npmjs.org/iconv-lite cache-miss
303 http fetch GET 200 https://registry.npmjs.org/iconv-lite 41ms (cache miss)
304 silly packumentCache full:https://registry.npmjs.org/iconv-lite set size:undefined disposed:false
305 silly fetch manifest sax@^1.2.4
306 silly packumentCache full:https://registry.npmjs.org/sax cache-miss
307 http fetch GET 200 https://registry.npmjs.org/sax 36ms (cache miss)
308 silly packumentCache full:https://registry.npmjs.org/sax set size:undefined disposed:false
309 silly fetch manifest safe-buffer@^5.2.1
310 silly packumentCache full:https://registry.npmjs.org/safe-buffer cache-miss
311 http fetch GET 200 https://registry.npmjs.org/safe-buffer 38ms (cache miss)
312 silly packumentCache full:https://registry.npmjs.org/safe-buffer set size:undefined disposed:false
313 silly fetch manifest amp@~0.3.1
314 silly packumentCache full:https://registry.npmjs.org/amp cache-miss
315 http fetch GET 200 https://registry.npmjs.org/amp 30ms (cache miss)
316 silly packumentCache full:https://registry.npmjs.org/amp set size:undefined disposed:false
317 silly fetch manifest amp-message@~0.1.1
318 silly packumentCache full:https://registry.npmjs.org/amp-message cache-miss
319 http fetch GET 200 https://registry.npmjs.org/amp-message 30ms (cache miss)
320 silly packumentCache full:https://registry.npmjs.org/amp-message set size:undefined disposed:false
321 silly fetch manifest escape-string-regexp@^4.0.0
322 silly packumentCache full:https://registry.npmjs.org/escape-string-regexp cache-miss
323 http fetch GET 200 https://registry.npmjs.org/escape-string-regexp 29ms (cache miss)
324 silly packumentCache full:https://registry.npmjs.org/escape-string-regexp set size:undefined disposed:false
325 silly fetch manifest run-series@^1.1.8
326 silly packumentCache full:https://registry.npmjs.org/run-series cache-miss
327 http fetch GET 200 https://registry.npmjs.org/run-series 38ms (cache miss)
328 silly packumentCache full:https://registry.npmjs.org/run-series set size:undefined disposed:false
329 silly fetch manifest tv4@^1.3.0
330 silly packumentCache full:https://registry.npmjs.org/tv4 cache-miss
331 http fetch GET 200 https://registry.npmjs.org/tv4 33ms (cache miss)
332 silly packumentCache full:https://registry.npmjs.org/tv4 set size:undefined disposed:false
333 silly fetch manifest charm@~0.1.1
334 silly packumentCache full:https://registry.npmjs.org/charm cache-miss
335 http fetch GET 200 https://registry.npmjs.org/charm 31ms (cache miss)
336 silly packumentCache full:https://registry.npmjs.org/charm set size:undefined disposed:false
337 silly fetch manifest pidusage@^2.0.21
338 silly packumentCache full:https://registry.npmjs.org/pidusage cache-miss
339 http fetch GET 200 https://registry.npmjs.org/pidusage 5ms (cache hit)
340 silly packumentCache full:https://registry.npmjs.org/pidusage set size:108904 disposed:false
341 silly fetch manifest systeminformation@^5.7
342 silly packumentCache full:https://registry.npmjs.org/systeminformation cache-miss
343 http fetch GET 200 https://registry.npmjs.org/systeminformation 68ms (cache miss)
344 silly packumentCache full:https://registry.npmjs.org/systeminformation set size:undefined disposed:false
345 silly fetch manifest tx2@~1.0.4
346 silly packumentCache full:https://registry.npmjs.org/tx2 cache-miss
347 http fetch GET 200 https://registry.npmjs.org/tx2 29ms (cache miss)
348 silly packumentCache full:https://registry.npmjs.org/tx2 set size:undefined disposed:false
349 silly fetch manifest read@^1.0.4
350 silly packumentCache full:https://registry.npmjs.org/read cache-miss
351 http fetch GET 200 https://registry.npmjs.org/read 29ms (cache miss)
352 silly packumentCache full:https://registry.npmjs.org/read set size:undefined disposed:false
353 silly fetch manifest buffer-from@^1.0.0
354 silly packumentCache full:https://registry.npmjs.org/buffer-from cache-miss
355 http fetch GET 200 https://registry.npmjs.org/buffer-from 31ms (cache miss)
356 silly packumentCache full:https://registry.npmjs.org/buffer-from set size:undefined disposed:false
357 silly fetch manifest source-map@^0.6.0
358 silly packumentCache full:https://registry.npmjs.org/source-map cache-miss
359 http fetch GET 200 https://registry.npmjs.org/source-map 36ms (cache miss)
360 silly packumentCache full:https://registry.npmjs.org/source-map set size:undefined disposed:false
361 silly fetch manifest git-node-fs@^1.0.0
362 silly packumentCache full:https://registry.npmjs.org/git-node-fs cache-miss
363 http fetch GET 200 https://registry.npmjs.org/git-node-fs 29ms (cache miss)
364 silly packumentCache full:https://registry.npmjs.org/git-node-fs set size:undefined disposed:false
365 silly fetch manifest ini@^1.3.5
366 silly packumentCache full:https://registry.npmjs.org/ini cache-miss
367 http fetch GET 200 https://registry.npmjs.org/ini 36ms (cache miss)
368 silly packumentCache full:https://registry.npmjs.org/ini set size:undefined disposed:false
369 silly fetch manifest js-git@^0.7.8
370 silly packumentCache full:https://registry.npmjs.org/js-git cache-miss
371 http fetch GET 200 https://registry.npmjs.org/js-git 28ms (cache miss)
372 silly packumentCache full:https://registry.npmjs.org/js-git set size:undefined disposed:false
373 silly fetch manifest bufferutil@^4.0.1
374 silly packumentCache full:https://registry.npmjs.org/bufferutil cache-miss
375 http fetch GET 200 https://registry.npmjs.org/bufferutil 34ms (cache miss)
376 silly packumentCache full:https://registry.npmjs.org/bufferutil set size:undefined disposed:false
377 silly fetch manifest utf-8-validate@^5.0.2
378 silly packumentCache full:https://registry.npmjs.org/utf-8-validate cache-miss
379 http fetch GET 200 https://registry.npmjs.org/utf-8-validate 33ms (cache miss)
380 silly packumentCache full:https://registry.npmjs.org/utf-8-validate set size:undefined disposed:false
381 silly placeDep node_modules/pm2/node_modules/@pm2/agent dayjs@1.8.36 OK for: @pm2/agent@2.1.1 want: ~1.8.24
382 silly placeDep node_modules/pm2/node_modules/@pm2/agent debug@4.3.7 OK for: @pm2/agent@2.1.1 want: ~4.3.1
383 silly placeDep node_modules/pm2 fast-json-patch@3.1.1 OK for: @pm2/agent@2.1.1 want: ^3.1.0
384 silly placeDep node_modules/pm2 proxy-agent@6.4.0 OK for: @pm2/agent@2.1.1 want: ~6.4.0
385 silly placeDep node_modules/pm2/node_modules/@pm2/agent semver@7.5.4 OK for: @pm2/agent@2.1.1 want: ~7.5.0
386 silly placeDep node_modules/pm2 ws@7.5.10 OK for: @pm2/agent@2.1.1 want: ~7.5.10
387 silly fetch manifest lru-cache@^7.14.1
388 silly packumentCache full:https://registry.npmjs.org/lru-cache cache-miss
389 http fetch GET 200 https://registry.npmjs.org/lru-cache 48ms (cache miss)
390 silly packumentCache full:https://registry.npmjs.org/lru-cache set size:undefined disposed:false
391 silly fetch manifest agent-base@^7.0.2
392 silly packumentCache full:https://registry.npmjs.org/agent-base cache-miss
393 http fetch GET 200 https://registry.npmjs.org/agent-base 33ms (cache miss)
394 silly packumentCache full:https://registry.npmjs.org/agent-base set size:undefined disposed:false
395 silly fetch manifest proxy-from-env@^1.1.0
396 silly packumentCache full:https://registry.npmjs.org/proxy-from-env cache-miss
397 http fetch GET 200 https://registry.npmjs.org/proxy-from-env 36ms (cache miss)
398 silly packumentCache full:https://registry.npmjs.org/proxy-from-env set size:undefined disposed:false
399 silly fetch manifest pac-proxy-agent@^7.0.1
400 silly packumentCache full:https://registry.npmjs.org/pac-proxy-agent cache-miss
401 http fetch GET 200 https://registry.npmjs.org/pac-proxy-agent 50ms (cache miss)
402 silly packumentCache full:https://registry.npmjs.org/pac-proxy-agent set size:undefined disposed:false
403 silly fetch manifest http-proxy-agent@^7.0.1
404 silly packumentCache full:https://registry.npmjs.org/http-proxy-agent cache-miss
405 http fetch GET 200 https://registry.npmjs.org/http-proxy-agent 36ms (cache miss)
406 silly packumentCache full:https://registry.npmjs.org/http-proxy-agent set size:undefined disposed:false
407 silly fetch manifest https-proxy-agent@^7.0.3
408 silly packumentCache full:https://registry.npmjs.org/https-proxy-agent cache-miss
409 http fetch GET 200 https://registry.npmjs.org/https-proxy-agent 33ms (cache miss)
410 silly packumentCache full:https://registry.npmjs.org/https-proxy-agent set size:undefined disposed:false
411 silly fetch manifest socks-proxy-agent@^8.0.2
412 silly packumentCache full:https://registry.npmjs.org/socks-proxy-agent cache-miss
413 http fetch GET 200 https://registry.npmjs.org/socks-proxy-agent 37ms (cache miss)
414 silly packumentCache full:https://registry.npmjs.org/socks-proxy-agent set size:undefined disposed:false
415 silly fetch manifest lru-cache@^6.0.0
416 silly packumentCache full:https://registry.npmjs.org/lru-cache cache-miss
417 http fetch GET 200 https://registry.npmjs.org/lru-cache 11ms (cache hit)
418 silly packumentCache full:https://registry.npmjs.org/lru-cache set size:391063 disposed:false
419 silly placeDep node_modules/pm2/node_modules/@pm2/io async@2.6.4 OK for: @pm2/io@6.1.0 want: ~2.6.1
420 silly placeDep node_modules/pm2/node_modules/@pm2/io debug@4.3.7 OK for: @pm2/io@6.1.0 want: ~4.3.1
421 silly placeDep node_modules/pm2/node_modules/@pm2/io eventemitter2@6.4.9 OK for: @pm2/io@6.1.0 want: ^6.3.1
422 silly placeDep node_modules/pm2 require-in-the-middle@5.2.0 OK for: @pm2/io@6.1.0 want: ^5.0.0
423 silly placeDep node_modules/pm2/node_modules/@pm2/io semver@7.5.4 OK for: @pm2/io@6.1.0 want: ~7.5.4
424 silly placeDep node_modules/pm2 shimmer@1.2.1 OK for: @pm2/io@6.1.0 want: ^1.2.0
425 silly placeDep node_modules/pm2 signal-exit@3.0.7 OK for: @pm2/io@6.1.0 want: ^3.0.3
426 silly placeDep node_modules/pm2 tslib@1.9.3 OK for: @pm2/io@6.1.0 want: 1.9.3
427 silly fetch manifest lodash@^4.17.14
428 silly packumentCache full:https://registry.npmjs.org/lodash cache-miss
429 http fetch GET 200 https://registry.npmjs.org/lodash 33ms (cache miss)
430 silly packumentCache full:https://registry.npmjs.org/lodash set size:undefined disposed:false
431 silly fetch manifest resolve@^1.22.1
432 silly packumentCache full:https://registry.npmjs.org/resolve cache-miss
433 http fetch GET 200 https://registry.npmjs.org/resolve 43ms (cache miss)
434 silly packumentCache full:https://registry.npmjs.org/resolve set size:undefined disposed:false
435 silly fetch manifest module-details-from-path@^1.0.3
436 silly packumentCache full:https://registry.npmjs.org/module-details-from-path cache-miss
437 http fetch GET 200 https://registry.npmjs.org/module-details-from-path 43ms (cache miss)
438 silly packumentCache full:https://registry.npmjs.org/module-details-from-path set size:undefined disposed:false
439 silly placeDep node_modules/pm2/node_modules/@pm2/js-api async@2.6.4 OK for: @pm2/js-api@0.8.0 want: ^2.6.3
440 silly placeDep node_modules/pm2/node_modules/@pm2/js-api debug@4.3.7 OK for: @pm2/js-api@0.8.0 want: ~4.3.1
441 silly placeDep node_modules/pm2/node_modules/@pm2/js-api eventemitter2@6.4.9 OK for: @pm2/js-api@0.8.0 want: ^6.3.1
442 silly placeDep node_modules/pm2 extrareqp2@1.0.0 OK for: @pm2/js-api@0.8.0 want: ^1.0.0
443 silly fetch manifest follow-redirects@^1.14.0
444 silly packumentCache full:https://registry.npmjs.org/follow-redirects cache-miss
445 http fetch GET 200 https://registry.npmjs.org/follow-redirects 33ms (cache miss)
446 silly packumentCache full:https://registry.npmjs.org/follow-redirects set size:undefined disposed:false
447 silly placeDep node_modules/pm2 ansi-styles@4.3.0 OK for: chalk@3.0.0 want: ^4.1.0
448 silly placeDep node_modules/pm2 supports-color@7.2.0 OK for: chalk@3.0.0 want: ^7.1.0
449 silly fetch manifest color-convert@^2.0.1
450 silly packumentCache full:https://registry.npmjs.org/color-convert cache-miss
451 http fetch GET 200 https://registry.npmjs.org/color-convert 30ms (cache miss)
452 silly packumentCache full:https://registry.npmjs.org/color-convert set size:undefined disposed:false
453 silly fetch manifest has-flag@^4.0.0
454 silly packumentCache full:https://registry.npmjs.org/has-flag cache-miss
455 http fetch GET 200 https://registry.npmjs.org/has-flag 46ms (cache miss)
456 silly packumentCache full:https://registry.npmjs.org/has-flag set size:undefined disposed:false
457 silly placeDep node_modules/pm2 color-convert@2.0.1 OK for: ansi-styles@4.3.0 want: ^2.0.1
458 silly fetch manifest color-name@~1.1.4
459 silly packumentCache full:https://registry.npmjs.org/color-name cache-miss
460 http fetch GET 200 https://registry.npmjs.org/color-name 31ms (cache miss)
461 silly packumentCache full:https://registry.npmjs.org/color-name set size:undefined disposed:false
462 silly placeDep node_modules/pm2 anymatch@3.1.3 OK for: chokidar@3.6.0 want: ~3.1.2
463 silly placeDep node_modules/pm2 braces@3.0.3 OK for: chokidar@3.6.0 want: ~3.0.2
464 silly placeDep node_modules/pm2 fsevents@2.3.3 OK for: chokidar@3.6.0 want: ~2.3.2
465 silly placeDep node_modules/pm2 glob-parent@5.1.2 OK for: chokidar@3.6.0 want: ~5.1.2
466 silly placeDep node_modules/pm2 is-binary-path@2.1.0 OK for: chokidar@3.6.0 want: ~2.1.0
467 silly placeDep node_modules/pm2 is-glob@4.0.3 OK for: chokidar@3.6.0 want: ~4.0.1
468 silly placeDep node_modules/pm2 normalize-path@3.0.0 OK for: chokidar@3.6.0 want: ~3.0.0
469 silly placeDep node_modules/pm2 readdirp@3.6.0 OK for: chokidar@3.6.0 want: ~3.6.0
470 silly fetch manifest picomatch@^2.0.4
471 silly packumentCache full:https://registry.npmjs.org/picomatch cache-miss
472 http fetch GET 200 https://registry.npmjs.org/picomatch 38ms (cache miss)
473 silly packumentCache full:https://registry.npmjs.org/picomatch set size:undefined disposed:false
474 silly fetch manifest normalize-path@^3.0.0
475 silly packumentCache full:https://registry.npmjs.org/normalize-path cache-miss
476 http fetch GET 200 https://registry.npmjs.org/normalize-path 3ms (cache hit)
477 silly packumentCache full:https://registry.npmjs.org/normalize-path set size:28713 disposed:false
478 silly fetch manifest fill-range@^7.1.1
479 silly packumentCache full:https://registry.npmjs.org/fill-range cache-miss
480 http fetch GET 200 https://registry.npmjs.org/fill-range 32ms (cache miss)
481 silly packumentCache full:https://registry.npmjs.org/fill-range set size:undefined disposed:false
482 silly fetch manifest is-glob@^4.0.1
483 silly packumentCache full:https://registry.npmjs.org/is-glob cache-miss
484 http fetch GET 200 https://registry.npmjs.org/is-glob 2ms (cache hit)
485 silly packumentCache full:https://registry.npmjs.org/is-glob set size:40530 disposed:false
486 silly fetch manifest binary-extensions@^2.0.0
487 silly packumentCache full:https://registry.npmjs.org/binary-extensions cache-miss
488 http fetch GET 200 https://registry.npmjs.org/binary-extensions 47ms (cache miss)
489 silly packumentCache full:https://registry.npmjs.org/binary-extensions set size:undefined disposed:false
490 silly fetch manifest is-extglob@^2.1.1
491 silly packumentCache full:https://registry.npmjs.org/is-extglob cache-miss
492 http fetch GET 200 https://registry.npmjs.org/is-extglob 33ms (cache miss)
493 silly packumentCache full:https://registry.npmjs.org/is-extglob set size:undefined disposed:false
494 silly fetch manifest picomatch@^2.2.1
495 silly packumentCache full:https://registry.npmjs.org/picomatch cache-miss
496 http fetch GET 200 https://registry.npmjs.org/picomatch 8ms (cache hit)
497 silly packumentCache full:https://registry.npmjs.org/picomatch set size:116191 disposed:false
498 silly placeDep node_modules/pm2 picomatch@2.3.1 OK for: anymatch@3.1.3 want: ^2.0.4
499 silly placeDep node_modules/pm2 fill-range@7.1.1 OK for: braces@3.0.3 want: ^7.1.1
500 silly fetch manifest to-regex-range@^5.0.1
501 silly packumentCache full:https://registry.npmjs.org/to-regex-range cache-miss
502 http fetch GET 200 https://registry.npmjs.org/to-regex-range 35ms (cache miss)
503 silly packumentCache full:https://registry.npmjs.org/to-regex-range set size:undefined disposed:false
504 silly placeDep node_modules/pm2 color-name@1.1.4 OK for: color-convert@2.0.1 want: ~1.1.4
505 silly placeDep node_modules/pm2 ms@2.1.3 OK for: debug@4.4.0 want: ^2.1.3
506 silly placeDep node_modules/pm2 ansi-colors@4.1.3 OK for: enquirer@2.3.6 want: ^4.1.1
507 silly placeDep node_modules/pm2 follow-redirects@1.15.9 OK for: extrareqp2@1.0.0 want: ^1.14.0
508 silly placeDep node_modules/pm2 to-regex-range@5.0.1 OK for: fill-range@7.1.1 want: ^5.0.1
509 silly fetch manifest is-number@^7.0.0
510 silly packumentCache full:https://registry.npmjs.org/is-number cache-miss
511 http fetch GET 200 https://registry.npmjs.org/is-number 32ms (cache miss)
512 silly packumentCache full:https://registry.npmjs.org/is-number set size:undefined disposed:false
513 silly placeDep node_modules/pm2 binary-extensions@2.3.0 OK for: is-binary-path@2.1.0 want: ^2.0.0
514 silly placeDep node_modules/pm2 is-extglob@2.1.1 OK for: is-glob@4.0.3 want: ^2.1.1
515 silly placeDep node_modules/pm2 argparse@2.0.1 OK for: js-yaml@4.1.0 want: ^2.0.1
516 silly placeDep node_modules/pm2/node_modules/needle debug@3.2.7 OK for: needle@2.4.0 want: ^3.2.6
517 silly placeDep node_modules/pm2 iconv-lite@0.4.24 OK for: needle@2.4.0 want: ^0.4.4
518 silly placeDep node_modules/pm2 sax@1.4.1 OK for: needle@2.4.0 want: ^1.2.4
519 silly fetch manifest safer-buffer@>= 2.1.2 < 3
520 silly packumentCache full:https://registry.npmjs.org/safer-buffer cache-miss
521 http fetch GET 200 https://registry.npmjs.org/safer-buffer 38ms (cache miss)
522 silly packumentCache full:https://registry.npmjs.org/safer-buffer set size:undefined disposed:false
523 silly placeDep node_modules/pm2 safer-buffer@2.1.2 OK for: iconv-lite@0.4.24 want: >= 2.1.2 < 3
524 silly placeDep node_modules/pm2 safe-buffer@5.2.1 OK for: pidusage@3.0.2 want: ^5.2.1
525 silly placeDep node_modules/pm2 amp@0.3.1 OK for: pm2-axon@4.0.1 want: ~0.3.1
526 silly placeDep node_modules/pm2 amp-message@0.1.2 OK for: pm2-axon@4.0.1 want: ~0.1.1
527 silly placeDep node_modules/pm2 escape-string-regexp@4.0.0 OK for: pm2-axon@4.0.1 want: ^4.0.0
528 silly placeDep node_modules/pm2 run-series@1.1.9 OK for: pm2-deploy@1.0.2 want: ^1.1.8
529 silly placeDep node_modules/pm2 tv4@1.3.0 OK for: pm2-deploy@1.0.2 want: ^1.3.0
530 silly placeDep node_modules/pm2 charm@0.1.2 OK for: pm2-multimeter@0.1.2 want: ~0.1.1
531 silly placeDep node_modules/pm2/node_modules/pm2-sysmonit pidusage@2.0.21 OK for: pm2-sysmonit@1.2.8 want: ^2.0.21
532 silly placeDep node_modules/pm2 systeminformation@5.25.11 OK for: pm2-sysmonit@1.2.8 want: ^5.7
533 silly placeDep node_modules/pm2 tx2@1.0.5 OK for: pm2-sysmonit@1.2.8 want: ~1.0.4
534 silly fetch manifest json-stringify-safe@^5.0.1
535 silly packumentCache full:https://registry.npmjs.org/json-stringify-safe cache-miss
536 http fetch GET 200 https://registry.npmjs.org/json-stringify-safe 34ms (cache miss)
537 silly packumentCache full:https://registry.npmjs.org/json-stringify-safe set size:undefined disposed:false
538 silly placeDep node_modules/pm2 read@1.0.7 OK for: promptly@2.2.0 want: ^1.0.4
539 silly fetch manifest mute-stream@~0.0.4
540 silly packumentCache full:https://registry.npmjs.org/mute-stream cache-miss
541 http fetch GET 200 https://registry.npmjs.org/mute-stream 32ms (cache miss)
542 silly packumentCache full:https://registry.npmjs.org/mute-stream set size:undefined disposed:false
543 silly placeDep node_modules/pm2 agent-base@7.1.3 OK for: proxy-agent@6.4.0 want: ^7.0.2
544 silly placeDep node_modules/pm2 http-proxy-agent@7.0.2 OK for: proxy-agent@6.4.0 want: ^7.0.1
545 silly placeDep node_modules/pm2 https-proxy-agent@7.0.6 OK for: proxy-agent@6.4.0 want: ^7.0.3
546 silly placeDep node_modules/pm2 lru-cache@7.18.3 OK for: proxy-agent@6.4.0 want: ^7.14.1
547 silly placeDep node_modules/pm2 pac-proxy-agent@7.2.0 OK for: proxy-agent@6.4.0 want: ^7.0.1
548 silly placeDep node_modules/pm2 proxy-from-env@1.1.0 OK for: proxy-agent@6.4.0 want: ^1.1.0
549 silly placeDep node_modules/pm2 socks-proxy-agent@8.0.5 OK for: proxy-agent@6.4.0 want: ^8.0.2
550 silly fetch manifest @tootallnate/quickjs-emscripten@^0.23.0
551 silly packumentCache full:https://registry.npmjs.org/@tootallnate%2fquickjs-emscripten cache-miss
552 http fetch GET 200 https://registry.npmjs.org/@tootallnate%2fquickjs-emscripten 59ms (cache miss)
553 silly packumentCache full:https://registry.npmjs.org/@tootallnate%2fquickjs-emscripten set size:undefined disposed:false
554 silly fetch manifest get-uri@^6.0.1
555 silly packumentCache full:https://registry.npmjs.org/get-uri cache-miss
556 http fetch GET 200 https://registry.npmjs.org/get-uri 36ms (cache miss)
557 silly packumentCache full:https://registry.npmjs.org/get-uri set size:undefined disposed:false
558 silly fetch manifest pac-resolver@^7.0.1
559 silly packumentCache full:https://registry.npmjs.org/pac-resolver cache-miss
560 http fetch GET 200 https://registry.npmjs.org/pac-resolver 50ms (cache miss)
561 silly packumentCache full:https://registry.npmjs.org/pac-resolver set size:undefined disposed:false
562 silly fetch manifest socks-proxy-agent@^8.0.5
563 silly packumentCache full:https://registry.npmjs.org/socks-proxy-agent cache-miss
564 http fetch GET 200 https://registry.npmjs.org/socks-proxy-agent 3ms (cache hit)
565 silly packumentCache full:https://registry.npmjs.org/socks-proxy-agent set size:96838 disposed:false
566 silly fetch manifest socks@^2.8.3
567 silly packumentCache full:https://registry.npmjs.org/socks cache-miss
568 http fetch GET 200 https://registry.npmjs.org/socks 34ms (cache miss)
569 silly packumentCache full:https://registry.npmjs.org/socks set size:undefined disposed:false
570 silly placeDep node_modules/pm2 @tootallnate/quickjs-emscripten@0.23.0 OK for: pac-proxy-agent@7.2.0 want: ^0.23.0
571 silly placeDep node_modules/pm2 get-uri@6.0.4 OK for: pac-proxy-agent@7.2.0 want: ^6.0.1
572 silly placeDep node_modules/pm2 pac-resolver@7.0.1 OK for: pac-proxy-agent@7.2.0 want: ^7.0.1
573 silly fetch manifest basic-ftp@^5.0.2
574 silly packumentCache full:https://registry.npmjs.org/basic-ftp cache-miss
575 http fetch GET 200 https://registry.npmjs.org/basic-ftp 36ms (cache miss)
576 silly packumentCache full:https://registry.npmjs.org/basic-ftp set size:undefined disposed:false
577 silly fetch manifest data-uri-to-buffer@^6.0.2
578 silly packumentCache full:https://registry.npmjs.org/data-uri-to-buffer cache-miss
579 http fetch GET 200 https://registry.npmjs.org/data-uri-to-buffer 42ms (cache miss)
580 silly packumentCache full:https://registry.npmjs.org/data-uri-to-buffer set size:undefined disposed:false
581 silly fetch manifest degenerator@^5.0.0
582 silly packumentCache full:https://registry.npmjs.org/degenerator cache-miss
583 http fetch GET 200 https://registry.npmjs.org/degenerator 42ms (cache miss)
584 silly packumentCache full:https://registry.npmjs.org/degenerator set size:undefined disposed:false
585 silly fetch manifest netmask@^2.0.2
586 silly packumentCache full:https://registry.npmjs.org/netmask cache-miss
587 http fetch GET 200 https://registry.npmjs.org/netmask 55ms (cache miss)
588 silly packumentCache full:https://registry.npmjs.org/netmask set size:undefined disposed:false
589 silly placeDep node_modules/pm2 basic-ftp@5.0.5 OK for: get-uri@6.0.4 want: ^5.0.2
590 silly placeDep node_modules/pm2 data-uri-to-buffer@6.0.2 OK for: get-uri@6.0.4 want: ^6.0.2
591 silly placeDep node_modules/pm2 degenerator@5.0.1 OK for: pac-resolver@7.0.1 want: ^5.0.0
592 silly placeDep node_modules/pm2 netmask@2.0.2 OK for: pac-resolver@7.0.1 want: ^2.0.2
593 silly fetch manifest ast-types@^0.13.4
594 silly packumentCache full:https://registry.npmjs.org/ast-types cache-miss
595 http fetch GET 200 https://registry.npmjs.org/ast-types 44ms (cache miss)
596 silly packumentCache full:https://registry.npmjs.org/ast-types set size:undefined disposed:false
597 silly fetch manifest escodegen@^2.1.0
598 silly packumentCache full:https://registry.npmjs.org/escodegen cache-miss
599 http fetch GET 200 https://registry.npmjs.org/escodegen 51ms (cache miss)
600 silly packumentCache full:https://registry.npmjs.org/escodegen set size:undefined disposed:false
601 silly fetch manifest esprima@^4.0.1
602 silly packumentCache full:https://registry.npmjs.org/esprima cache-miss
603 http fetch GET 200 https://registry.npmjs.org/esprima 37ms (cache miss)
604 silly packumentCache full:https://registry.npmjs.org/esprima set size:undefined disposed:false
605 silly placeDep node_modules/pm2 ast-types@0.13.4 OK for: degenerator@5.0.1 want: ^0.13.4
606 silly placeDep node_modules/pm2 escodegen@2.1.0 OK for: degenerator@5.0.1 want: ^2.1.0
607 silly placeDep node_modules/pm2 esprima@4.0.1 OK for: degenerator@5.0.1 want: ^4.0.1
608 silly fetch manifest tslib@^2.0.1
609 silly packumentCache full:https://registry.npmjs.org/tslib cache-miss
610 http fetch GET 200 https://registry.npmjs.org/tslib 3ms (cache hit)
611 silly packumentCache full:https://registry.npmjs.org/tslib set size:108872 disposed:false
612 silly fetch manifest estraverse@^5.2.0
613 silly packumentCache full:https://registry.npmjs.org/estraverse cache-miss
614 http fetch GET 200 https://registry.npmjs.org/estraverse 32ms (cache miss)
615 silly packumentCache full:https://registry.npmjs.org/estraverse set size:undefined disposed:false
616 silly fetch manifest esutils@^2.0.2
617 silly packumentCache full:https://registry.npmjs.org/esutils cache-miss
618 http fetch GET 200 https://registry.npmjs.org/esutils 37ms (cache miss)
619 silly packumentCache full:https://registry.npmjs.org/esutils set size:undefined disposed:false
620 silly fetch manifest source-map@~0.6.1
621 silly packumentCache full:https://registry.npmjs.org/source-map cache-miss
622 http fetch GET 200 https://registry.npmjs.org/source-map 3ms (cache hit)
623 silly packumentCache full:https://registry.npmjs.org/source-map set size:243370 disposed:false
624 silly placeDep node_modules/pm2/node_modules/ast-types tslib@2.8.1 OK for: ast-types@0.13.4 want: ^2.0.1
625 silly placeDep node_modules/pm2 estraverse@5.3.0 OK for: escodegen@2.1.0 want: ^5.2.0
626 silly placeDep node_modules/pm2 esutils@2.0.3 OK for: escodegen@2.1.0 want: ^2.0.2
627 silly placeDep node_modules/pm2 source-map@0.6.1 OK for: escodegen@2.1.0 want: ~0.6.1
628 silly placeDep node_modules/pm2 mute-stream@0.0.8 OK for: read@1.0.7 want: ~0.0.4
629 silly placeDep node_modules/pm2 module-details-from-path@1.0.3 OK for: require-in-the-middle@5.2.0 want: ^1.0.3
630 silly placeDep node_modules/pm2 resolve@1.22.10 OK for: require-in-the-middle@5.2.0 want: ^1.22.1
631 silly fetch manifest is-core-module@^2.16.0
632 silly packumentCache full:https://registry.npmjs.org/is-core-module cache-miss
633 http fetch GET 200 https://registry.npmjs.org/is-core-module 43ms (cache miss)
634 silly packumentCache full:https://registry.npmjs.org/is-core-module set size:undefined disposed:false
635 silly fetch manifest path-parse@^1.0.7
636 silly packumentCache full:https://registry.npmjs.org/path-parse cache-miss
637 http fetch GET 200 https://registry.npmjs.org/path-parse 33ms (cache miss)
638 silly packumentCache full:https://registry.npmjs.org/path-parse set size:undefined disposed:false
639 silly fetch manifest supports-preserve-symlinks-flag@^1.0.0
640 silly packumentCache full:https://registry.npmjs.org/supports-preserve-symlinks-flag cache-miss
641 http fetch GET 200 https://registry.npmjs.org/supports-preserve-symlinks-flag 33ms (cache miss)
642 silly packumentCache full:https://registry.npmjs.org/supports-preserve-symlinks-flag set size:undefined disposed:false
643 silly placeDep node_modules/pm2 is-core-module@2.16.1 OK for: resolve@1.22.10 want: ^2.16.0
644 silly placeDep node_modules/pm2 path-parse@1.0.7 OK for: resolve@1.22.10 want: ^1.0.7
645 silly placeDep node_modules/pm2 supports-preserve-symlinks-flag@1.0.0 OK for: resolve@1.22.10 want: ^1.0.0
646 silly fetch manifest hasown@^2.0.2
647 silly packumentCache full:https://registry.npmjs.org/hasown cache-miss
648 http fetch GET 200 https://registry.npmjs.org/hasown 33ms (cache miss)
649 silly packumentCache full:https://registry.npmjs.org/hasown set size:undefined disposed:false
650 silly placeDep node_modules/pm2 hasown@2.0.2 OK for: is-core-module@2.16.1 want: ^2.0.2
651 silly fetch manifest function-bind@^1.1.2
652 silly packumentCache full:https://registry.npmjs.org/function-bind cache-miss
653 http fetch GET 200 https://registry.npmjs.org/function-bind 30ms (cache miss)
654 silly packumentCache full:https://registry.npmjs.org/function-bind set size:undefined disposed:false
655 silly placeDep node_modules/pm2 function-bind@1.1.2 OK for: hasown@2.0.2 want: ^1.1.2
656 silly placeDep node_modules/pm2 socks@2.8.4 OK for: socks-proxy-agent@8.0.5 want: ^2.8.3
657 silly fetch manifest ip-address@^9.0.5
658 silly packumentCache full:https://registry.npmjs.org/ip-address cache-miss
659 http fetch GET 200 https://registry.npmjs.org/ip-address 30ms (cache miss)
660 silly packumentCache full:https://registry.npmjs.org/ip-address set size:undefined disposed:false
661 silly fetch manifest smart-buffer@^4.2.0
662 silly packumentCache full:https://registry.npmjs.org/smart-buffer cache-miss
663 http fetch GET 200 https://registry.npmjs.org/smart-buffer 36ms (cache miss)
664 silly packumentCache full:https://registry.npmjs.org/smart-buffer set size:undefined disposed:false
665 silly placeDep node_modules/pm2 ip-address@9.0.5 OK for: socks@2.8.4 want: ^9.0.5
666 silly placeDep node_modules/pm2 smart-buffer@4.2.0 OK for: socks@2.8.4 want: ^4.2.0
667 silly fetch manifest jsbn@1.1.0
668 silly packumentCache full:https://registry.npmjs.org/jsbn cache-miss
669 http fetch GET 200 https://registry.npmjs.org/jsbn 35ms (cache miss)
670 silly packumentCache full:https://registry.npmjs.org/jsbn set size:undefined disposed:false
671 silly fetch manifest sprintf-js@^1.1.3
672 silly packumentCache full:https://registry.npmjs.org/sprintf-js cache-miss
673 http fetch GET 200 https://registry.npmjs.org/sprintf-js 4ms (cache hit)
674 silly packumentCache full:https://registry.npmjs.org/sprintf-js set size:20495 disposed:false
675 silly placeDep node_modules/pm2 jsbn@1.1.0 OK for: ip-address@9.0.5 want: 1.1.0
676 silly placeDep node_modules/pm2/node_modules/ip-address sprintf-js@1.1.3 OK for: ip-address@9.0.5 want: ^1.1.3
677 silly placeDep node_modules/pm2 buffer-from@1.1.2 OK for: source-map-support@0.5.21 want: ^1.0.0
678 silly placeDep node_modules/pm2 has-flag@4.0.0 OK for: supports-color@7.2.0 want: ^4.0.0
679 silly placeDep node_modules/pm2 is-number@7.0.0 OK for: to-regex-range@5.0.1 want: ^7.0.0
680 silly placeDep node_modules/pm2 json-stringify-safe@5.0.1 OK for: tx2@1.0.5 want: ^5.0.1
681 silly placeDep node_modules/pm2/node_modules/vizion async@2.6.4 OK for: vizion@2.2.1 want: ^2.6.3
682 silly placeDep node_modules/pm2 git-node-fs@1.0.0 OK for: vizion@2.2.1 want: ^1.0.0
683 silly placeDep node_modules/pm2 ini@1.3.8 OK for: vizion@2.2.1 want: ^1.3.5
684 silly placeDep node_modules/pm2 js-git@0.7.8 OK for: vizion@2.2.1 want: ^0.7.8
685 silly fetch manifest bodec@^0.1.0
686 silly packumentCache full:https://registry.npmjs.org/bodec cache-miss
687 http fetch GET 200 https://registry.npmjs.org/bodec 43ms (cache miss)
688 silly packumentCache full:https://registry.npmjs.org/bodec set size:undefined disposed:false
689 silly fetch manifest culvert@^0.1.2
690 silly packumentCache full:https://registry.npmjs.org/culvert cache-miss
691 http fetch GET 200 https://registry.npmjs.org/culvert 35ms (cache miss)
692 silly packumentCache full:https://registry.npmjs.org/culvert set size:undefined disposed:false
693 silly fetch manifest git-sha1@^0.1.2
694 silly packumentCache full:https://registry.npmjs.org/git-sha1 cache-miss
695 http fetch GET 200 https://registry.npmjs.org/git-sha1 29ms (cache miss)
696 silly packumentCache full:https://registry.npmjs.org/git-sha1 set size:undefined disposed:false
697 silly fetch manifest pako@^0.2.5
698 silly packumentCache full:https://registry.npmjs.org/pako cache-miss
699 http fetch GET 200 https://registry.npmjs.org/pako 38ms (cache miss)
700 silly packumentCache full:https://registry.npmjs.org/pako set size:undefined disposed:false
701 silly placeDep node_modules/pm2 bodec@0.1.0 OK for: js-git@0.7.8 want: ^0.1.0
702 silly placeDep node_modules/pm2 culvert@0.1.2 OK for: js-git@0.7.8 want: ^0.1.2
703 silly placeDep node_modules/pm2 git-sha1@0.1.2 OK for: js-git@0.7.8 want: ^0.1.2
704 silly placeDep node_modules/pm2 pako@0.2.9 OK for: js-git@0.7.8 want: ^0.2.5
705 silly placeDep node_modules/pm2/node_modules/@pm2/agent lru-cache@6.0.0 OK for: semver@7.5.4 want: ^6.0.0
706 silly fetch manifest yallist@^4.0.0
707 silly packumentCache full:https://registry.npmjs.org/yallist cache-miss
708 http fetch GET 200 https://registry.npmjs.org/yallist 32ms (cache miss)
709 silly packumentCache full:https://registry.npmjs.org/yallist set size:undefined disposed:false
710 silly placeDep node_modules/pm2 yallist@4.0.0 OK for: lru-cache@6.0.0 want: ^4.0.0
711 silly placeDep node_modules/pm2 lodash@4.17.21 OK for: async@2.6.4 want: ^4.17.14
712 silly placeDep node_modules/pm2/node_modules/@pm2/io lru-cache@6.0.0 OK for: semver@7.5.4 want: ^6.0.0
713 silly reify moves {}
714 verbose reify failed optional dependency /usr/lib/node_modules/pm2/node_modules/fsevents
715 silly reify mark deleted [ '/usr/lib/node_modules/pm2/node_modules/fsevents' ]
716 silly tarball no local data for pm2@https://registry.npmjs.org/pm2/-/pm2-6.0.5.tgz. Extracting by manifest.
717 silly tarball no local data for pako@https://registry.npmjs.org/pako/-/pako-0.2.9.tgz. Extracting by manifest.
718 silly tarball no local data for git-sha1@https://registry.npmjs.org/git-sha1/-/git-sha1-0.1.2.tgz. Extracting by manifest.
719 silly tarball no local data for lodash@https://registry.npmjs.org/lodash/-/lodash-4.17.21.tgz. Extracting by manifest.
720 silly tarball no local data for yallist@https://registry.npmjs.org/yallist/-/yallist-4.0.0.tgz. Extracting by manifest.
721 silly tarball no local data for bodec@https://registry.npmjs.org/bodec/-/bodec-0.1.0.tgz. Extracting by manifest.
722 silly tarball no local data for js-git@https://registry.npmjs.org/js-git/-/js-git-0.7.8.tgz. Extracting by manifest.
723 silly tarball no local data for culvert@https://registry.npmjs.org/culvert/-/culvert-0.1.2.tgz. Extracting by manifest.
724 silly tarball no local data for ini@https://registry.npmjs.org/ini/-/ini-1.3.8.tgz. Extracting by manifest.
725 silly tarball no local data for git-node-fs@https://registry.npmjs.org/git-node-fs/-/git-node-fs-1.0.0.tgz. Extracting by manifest.
726 silly tarball no local data for json-stringify-safe@https://registry.npmjs.org/json-stringify-safe/-/json-stringify-safe-5.0.1.tgz. Extracting by manifest.
727 silly tarball no local data for is-number@https://registry.npmjs.org/is-number/-/is-number-7.0.0.tgz. Extracting by manifest.
728 silly tarball no local data for has-flag@https://registry.npmjs.org/has-flag/-/has-flag-4.0.0.tgz. Extracting by manifest.
729 silly tarball no local data for buffer-from@https://registry.npmjs.org/buffer-from/-/buffer-from-1.1.2.tgz. Extracting by manifest.
730 silly tarball no local data for smart-buffer@https://registry.npmjs.org/smart-buffer/-/smart-buffer-4.2.0.tgz. Extracting by manifest.
731 silly tarball no local data for jsbn@https://registry.npmjs.org/jsbn/-/jsbn-1.1.0.tgz. Extracting by manifest.
732 silly tarball no local data for ip-address@https://registry.npmjs.org/ip-address/-/ip-address-9.0.5.tgz. Extracting by manifest.
733 silly tarball no local data for sprintf-js@https://registry.npmjs.org/sprintf-js/-/sprintf-js-1.1.3.tgz. Extracting by manifest.
734 silly tarball no local data for socks@https://registry.npmjs.org/socks/-/socks-2.8.4.tgz. Extracting by manifest.
735 silly tarball no local data for hasown@https://registry.npmjs.org/hasown/-/hasown-2.0.2.tgz. Extracting by manifest.
736 silly tarball no local data for function-bind@https://registry.npmjs.org/function-bind/-/function-bind-1.1.2.tgz. Extracting by manifest.
737 silly tarball no local data for supports-preserve-symlinks-flag@https://registry.npmjs.org/supports-preserve-symlinks-flag/-/supports-preserve-symlinks-flag-1.0.0.tgz. Extracting by manifest.
738 silly tarball no local data for is-core-module@https://registry.npmjs.org/is-core-module/-/is-core-module-2.16.1.tgz. Extracting by manifest.
739 silly tarball no local data for path-parse@https://registry.npmjs.org/path-parse/-/path-parse-1.0.7.tgz. Extracting by manifest.
740 silly tarball no local data for module-details-from-path@https://registry.npmjs.org/module-details-from-path/-/module-details-from-path-1.0.3.tgz. Extracting by manifest.
741 silly tarball no local data for resolve@https://registry.npmjs.org/resolve/-/resolve-1.22.10.tgz. Extracting by manifest.
742 silly tarball no local data for mute-stream@https://registry.npmjs.org/mute-stream/-/mute-stream-0.0.8.tgz. Extracting by manifest.
743 silly tarball no local data for source-map@https://registry.npmjs.org/source-map/-/source-map-0.6.1.tgz. Extracting by manifest.
744 silly tarball no local data for esutils@https://registry.npmjs.org/esutils/-/esutils-2.0.3.tgz. Extracting by manifest.
745 silly tarball no local data for esprima@https://registry.npmjs.org/esprima/-/esprima-4.0.1.tgz. Extracting by manifest.
746 silly tarball no local data for estraverse@https://registry.npmjs.org/estraverse/-/estraverse-5.3.0.tgz. Extracting by manifest.
747 silly tarball no local data for escodegen@https://registry.npmjs.org/escodegen/-/escodegen-2.1.0.tgz. Extracting by manifest.
748 silly tarball no local data for ast-types@https://registry.npmjs.org/ast-types/-/ast-types-0.13.4.tgz. Extracting by manifest.
749 silly tarball no local data for tslib@https://registry.npmjs.org/tslib/-/tslib-2.8.1.tgz. Extracting by manifest.
750 silly tarball no local data for netmask@https://registry.npmjs.org/netmask/-/netmask-2.0.2.tgz. Extracting by manifest.
751 silly tarball no local data for degenerator@https://registry.npmjs.org/degenerator/-/degenerator-5.0.1.tgz. Extracting by manifest.
752 silly tarball no local data for basic-ftp@https://registry.npmjs.org/basic-ftp/-/basic-ftp-5.0.5.tgz. Extracting by manifest.
753 silly tarball no local data for data-uri-to-buffer@https://registry.npmjs.org/data-uri-to-buffer/-/data-uri-to-buffer-6.0.2.tgz. Extracting by manifest.
754 silly tarball no local data for pac-resolver@https://registry.npmjs.org/pac-resolver/-/pac-resolver-7.0.1.tgz. Extracting by manifest.
755 silly tarball no local data for get-uri@https://registry.npmjs.org/get-uri/-/get-uri-6.0.4.tgz. Extracting by manifest.
756 silly tarball no local data for @tootallnate/quickjs-emscripten@https://registry.npmjs.org/@tootallnate/quickjs-emscripten/-/quickjs-emscripten-0.23.0.tgz. Extracting by manifest.
757 silly tarball no local data for socks-proxy-agent@https://registry.npmjs.org/socks-proxy-agent/-/socks-proxy-agent-8.0.5.tgz. Extracting by manifest.
758 silly tarball no local data for proxy-from-env@https://registry.npmjs.org/proxy-from-env/-/proxy-from-env-1.1.0.tgz. Extracting by manifest.
759 silly tarball no local data for lru-cache@https://registry.npmjs.org/lru-cache/-/lru-cache-7.18.3.tgz. Extracting by manifest.
760 silly tarball no local data for pac-proxy-agent@https://registry.npmjs.org/pac-proxy-agent/-/pac-proxy-agent-7.2.0.tgz. Extracting by manifest.
761 silly tarball no local data for https-proxy-agent@https://registry.npmjs.org/https-proxy-agent/-/https-proxy-agent-7.0.6.tgz. Extracting by manifest.
762 silly tarball no local data for http-proxy-agent@https://registry.npmjs.org/http-proxy-agent/-/http-proxy-agent-7.0.2.tgz. Extracting by manifest.
763 silly tarball no local data for agent-base@https://registry.npmjs.org/agent-base/-/agent-base-7.1.3.tgz. Extracting by manifest.
764 silly tarball no local data for tx2@https://registry.npmjs.org/tx2/-/tx2-1.0.5.tgz. Extracting by manifest.
765 silly tarball no local data for read@https://registry.npmjs.org/read/-/read-1.0.7.tgz. Extracting by manifest.
766 silly tarball no local data for systeminformation@https://registry.npmjs.org/systeminformation/-/systeminformation-5.25.11.tgz. Extracting by manifest.
767 silly tarball no local data for charm@https://registry.npmjs.org/charm/-/charm-0.1.2.tgz. Extracting by manifest.
768 silly tarball no local data for tv4@https://registry.npmjs.org/tv4/-/tv4-1.3.0.tgz. Extracting by manifest.
769 silly tarball no local data for escape-string-regexp@https://registry.npmjs.org/escape-string-regexp/-/escape-string-regexp-4.0.0.tgz. Extracting by manifest.
770 silly tarball no local data for run-series@https://registry.npmjs.org/run-series/-/run-series-1.1.9.tgz. Extracting by manifest.
771 silly tarball no local data for amp@https://registry.npmjs.org/amp/-/amp-0.3.1.tgz. Extracting by manifest.
772 silly tarball no local data for safe-buffer@https://registry.npmjs.org/safe-buffer/-/safe-buffer-5.2.1.tgz. Extracting by manifest.
773 silly tarball no local data for safer-buffer@https://registry.npmjs.org/safer-buffer/-/safer-buffer-2.1.2.tgz. Extracting by manifest.
774 silly tarball no local data for iconv-lite@https://registry.npmjs.org/iconv-lite/-/iconv-lite-0.4.24.tgz. Extracting by manifest.
775 silly tarball no local data for sax@https://registry.npmjs.org/sax/-/sax-1.4.1.tgz. Extracting by manifest.
776 silly tarball no local data for amp-message@https://registry.npmjs.org/amp-message/-/amp-message-0.1.2.tgz. Extracting by manifest.
777 silly tarball no local data for argparse@https://registry.npmjs.org/argparse/-/argparse-2.0.1.tgz. Extracting by manifest.
778 silly tarball no local data for is-extglob@https://registry.npmjs.org/is-extglob/-/is-extglob-2.1.1.tgz. Extracting by manifest.
779 silly tarball no local data for to-regex-range@https://registry.npmjs.org/to-regex-range/-/to-regex-range-5.0.1.tgz. Extracting by manifest.
780 silly tarball no local data for binary-extensions@https://registry.npmjs.org/binary-extensions/-/binary-extensions-2.3.0.tgz. Extracting by manifest.
781 silly tarball no local data for follow-redirects@https://registry.npmjs.org/follow-redirects/-/follow-redirects-1.15.9.tgz. Extracting by manifest.
782 silly tarball no local data for ansi-colors@https://registry.npmjs.org/ansi-colors/-/ansi-colors-4.1.3.tgz. Extracting by manifest.
783 silly tarball no local data for color-name@https://registry.npmjs.org/color-name/-/color-name-1.1.4.tgz. Extracting by manifest.
784 silly tarball no local data for picomatch@https://registry.npmjs.org/picomatch/-/picomatch-2.3.1.tgz. Extracting by manifest.
785 silly tarball no local data for fill-range@https://registry.npmjs.org/fill-range/-/fill-range-7.1.1.tgz. Extracting by manifest.
786 silly tarball no local data for readdirp@https://registry.npmjs.org/readdirp/-/readdirp-3.6.0.tgz. Extracting by manifest.
787 silly tarball no local data for ms@https://registry.npmjs.org/ms/-/ms-2.1.3.tgz. Extracting by manifest.
788 silly tarball no local data for normalize-path@https://registry.npmjs.org/normalize-path/-/normalize-path-3.0.0.tgz. Extracting by manifest.
789 silly tarball no local data for is-binary-path@https://registry.npmjs.org/is-binary-path/-/is-binary-path-2.1.0.tgz. Extracting by manifest.
790 silly tarball no local data for is-glob@https://registry.npmjs.org/is-glob/-/is-glob-4.0.3.tgz. Extracting by manifest.
791 silly tarball no local data for glob-parent@https://registry.npmjs.org/glob-parent/-/glob-parent-5.1.2.tgz. Extracting by manifest.
792 silly tarball no local data for braces@https://registry.npmjs.org/braces/-/braces-3.0.3.tgz. Extracting by manifest.
793 silly tarball no local data for anymatch@https://registry.npmjs.org/anymatch/-/anymatch-3.1.3.tgz. Extracting by manifest.
794 silly tarball no local data for supports-color@https://registry.npmjs.org/supports-color/-/supports-color-7.2.0.tgz. Extracting by manifest.
795 silly tarball no local data for color-convert@https://registry.npmjs.org/color-convert/-/color-convert-2.0.1.tgz. Extracting by manifest.
796 silly tarball no local data for ansi-styles@https://registry.npmjs.org/ansi-styles/-/ansi-styles-4.3.0.tgz. Extracting by manifest.
797 silly tarball no local data for extrareqp2@https://registry.npmjs.org/extrareqp2/-/extrareqp2-1.0.0.tgz. Extracting by manifest.
798 silly tarball no local data for tslib@https://registry.npmjs.org/tslib/-/tslib-1.9.3.tgz. Extracting by manifest.
799 silly tarball no local data for shimmer@https://registry.npmjs.org/shimmer/-/shimmer-1.2.1.tgz. Extracting by manifest.
800 silly tarball no local data for signal-exit@https://registry.npmjs.org/signal-exit/-/signal-exit-3.0.7.tgz. Extracting by manifest.
801 silly tarball no local data for require-in-the-middle@https://registry.npmjs.org/require-in-the-middle/-/require-in-the-middle-5.2.0.tgz. Extracting by manifest.
802 silly tarball no local data for proxy-agent@https://registry.npmjs.org/proxy-agent/-/proxy-agent-6.4.0.tgz. Extracting by manifest.
803 silly tarball no local data for ws@https://registry.npmjs.org/ws/-/ws-7.5.10.tgz. Extracting by manifest.
804 silly tarball no local data for fast-json-patch@https://registry.npmjs.org/fast-json-patch/-/fast-json-patch-3.1.1.tgz. Extracting by manifest.
805 silly tarball no local data for vizion@https://registry.npmjs.org/vizion/-/vizion-2.2.1.tgz. Extracting by manifest.
806 silly tarball no local data for sprintf-js@https://registry.npmjs.org/sprintf-js/-/sprintf-js-1.1.2.tgz. Extracting by manifest.
807 silly tarball no local data for async@https://registry.npmjs.org/async/-/async-2.6.4.tgz. Extracting by manifest.
808 silly tarball no local data for source-map-support@https://registry.npmjs.org/source-map-support/-/source-map-support-0.5.21.tgz. Extracting by manifest.
809 silly tarball no local data for semver@https://registry.npmjs.org/semver/-/semver-7.7.1.tgz. Extracting by manifest.
810 silly tarball no local data for promptly@https://registry.npmjs.org/promptly/-/promptly-2.2.0.tgz. Extracting by manifest.
811 silly tarball no local data for pidusage@https://registry.npmjs.org/pidusage/-/pidusage-2.0.21.tgz. Extracting by manifest.
812 silly tarball no local data for pm2-sysmonit@https://registry.npmjs.org/pm2-sysmonit/-/pm2-sysmonit-1.2.8.tgz. Extracting by manifest.
813 silly tarball no local data for pm2-multimeter@https://registry.npmjs.org/pm2-multimeter/-/pm2-multimeter-0.1.2.tgz. Extracting by manifest.
814 silly tarball no local data for pm2-deploy@https://registry.npmjs.org/pm2-deploy/-/pm2-deploy-1.0.2.tgz. Extracting by manifest.
815 silly tarball no local data for pm2-axon-rpc@https://registry.npmjs.org/pm2-axon-rpc/-/pm2-axon-rpc-0.7.1.tgz. Extracting by manifest.
816 silly tarball no local data for pidusage@https://registry.npmjs.org/pidusage/-/pidusage-3.0.2.tgz. Extracting by manifest.
817 silly tarball no local data for pm2-axon@https://registry.npmjs.org/pm2-axon/-/pm2-axon-4.0.1.tgz. Extracting by manifest.
818 silly tarball no local data for needle@https://registry.npmjs.org/needle/-/needle-2.4.0.tgz. Extracting by manifest.
819 silly tarball no local data for debug@https://registry.npmjs.org/debug/-/debug-3.2.7.tgz. Extracting by manifest.
820 silly tarball no local data for mkdirp@https://registry.npmjs.org/mkdirp/-/mkdirp-1.0.4.tgz. Extracting by manifest.
821 silly tarball no local data for fclone@https://registry.npmjs.org/fclone/-/fclone-1.0.11.tgz. Extracting by manifest.
822 silly tarball no local data for js-yaml@https://registry.npmjs.org/js-yaml/-/js-yaml-4.1.0.tgz. Extracting by manifest.
823 silly tarball no local data for eventemitter2@https://registry.npmjs.org/eventemitter2/-/eventemitter2-5.0.1.tgz. Extracting by manifest.
824 silly tarball no local data for enquirer@https://registry.npmjs.org/enquirer/-/enquirer-2.3.6.tgz. Extracting by manifest.
825 silly tarball no local data for debug@https://registry.npmjs.org/debug/-/debug-4.4.0.tgz. Extracting by manifest.
826 silly tarball no local data for dayjs@https://registry.npmjs.org/dayjs/-/dayjs-1.11.13.tgz. Extracting by manifest.
827 silly tarball no local data for croner@https://registry.npmjs.org/croner/-/croner-4.1.97.tgz. Extracting by manifest.
828 silly tarball no local data for cli-tableau@https://registry.npmjs.org/cli-tableau/-/cli-tableau-2.0.1.tgz. Extracting by manifest.
829 silly tarball no local data for commander@https://registry.npmjs.org/commander/-/commander-2.15.1.tgz. Extracting by manifest.
830 silly tarball no local data for chokidar@https://registry.npmjs.org/chokidar/-/chokidar-3.6.0.tgz. Extracting by manifest.
831 silly tarball no local data for chalk@https://registry.npmjs.org/chalk/-/chalk-3.0.0.tgz. Extracting by manifest.
832 silly tarball no local data for blessed@https://registry.npmjs.org/blessed/-/blessed-0.1.81.tgz. Extracting by manifest.
833 silly tarball no local data for async@https://registry.npmjs.org/async/-/async-3.2.6.tgz. Extracting by manifest.
834 silly tarball no local data for @pm2/pm2-version-check@https://registry.npmjs.org/@pm2/pm2-version-check/-/pm2-version-check-1.0.4.tgz. Extracting by manifest.
835 silly tarball no local data for @pm2/js-api@https://registry.npmjs.org/@pm2/js-api/-/js-api-0.8.0.tgz. Extracting by manifest.
836 silly tarball no local data for eventemitter2@https://registry.npmjs.org/eventemitter2/-/eventemitter2-6.4.9.tgz. Extracting by manifest.
837 silly tarball no local data for async@https://registry.npmjs.org/async/-/async-2.6.4.tgz. Extracting by manifest.
838 silly tarball no local data for debug@https://registry.npmjs.org/debug/-/debug-4.3.7.tgz. Extracting by manifest.
839 silly tarball no local data for @pm2/io@https://registry.npmjs.org/@pm2/io/-/io-6.1.0.tgz. Extracting by manifest.
840 silly tarball no local data for lru-cache@https://registry.npmjs.org/lru-cache/-/lru-cache-6.0.0.tgz. Extracting by manifest.
841 silly tarball no local data for semver@https://registry.npmjs.org/semver/-/semver-7.5.4.tgz. Extracting by manifest.
842 silly tarball no local data for debug@https://registry.npmjs.org/debug/-/debug-4.3.7.tgz. Extracting by manifest.
843 silly tarball no local data for eventemitter2@https://registry.npmjs.org/eventemitter2/-/eventemitter2-6.4.9.tgz. Extracting by manifest.
844 silly tarball no local data for async@https://registry.npmjs.org/async/-/async-2.6.4.tgz. Extracting by manifest.
845 silly tarball no local data for @pm2/agent@https://registry.npmjs.org/@pm2/agent/-/agent-2.1.1.tgz. Extracting by manifest.
846 silly tarball no local data for lru-cache@https://registry.npmjs.org/lru-cache/-/lru-cache-6.0.0.tgz. Extracting by manifest.
847 silly tarball no local data for semver@https://registry.npmjs.org/semver/-/semver-7.5.4.tgz. Extracting by manifest.
848 silly tarball no local data for debug@https://registry.npmjs.org/debug/-/debug-4.3.7.tgz. Extracting by manifest.
849 silly tarball no local data for dayjs@https://registry.npmjs.org/dayjs/-/dayjs-1.8.36.tgz. Extracting by manifest.
850 http fetch GET 200 https://registry.npmjs.org/jsbn/-/jsbn-1.1.0.tgz 876ms (cache miss)
851 http fetch GET 200 https://registry.npmjs.org/git-sha1/-/git-sha1-0.1.2.tgz 887ms (cache miss)
852 http fetch GET 200 https://registry.npmjs.org/git-node-fs/-/git-node-fs-1.0.0.tgz 979ms (cache miss)
853 http fetch GET 200 https://registry.npmjs.org/netmask/-/netmask-2.0.2.tgz 999ms (cache miss)
854 http fetch GET 200 https://registry.npmjs.org/has-flag/-/has-flag-4.0.0.tgz 1043ms (cache miss)
855 http fetch GET 200 https://registry.npmjs.org/bodec/-/bodec-0.1.0.tgz 1049ms (cache miss)
856 http fetch GET 200 https://registry.npmjs.org/escodegen/-/escodegen-2.1.0.tgz 1022ms (cache miss)
857 http fetch GET 200 https://registry.npmjs.org/buffer-from/-/buffer-from-1.1.2.tgz 1075ms (cache miss)
858 http fetch GET 200 https://registry.npmjs.org/hasown/-/hasown-2.0.2.tgz 1072ms (cache miss)
859 http fetch GET 200 https://registry.npmjs.org/path-parse/-/path-parse-1.0.7.tgz 1069ms (cache miss)
860 http fetch GET 200 https://registry.npmjs.org/pac-proxy-agent/-/pac-proxy-agent-7.2.0.tgz 1049ms (cache miss)
861 http fetch GET 200 https://registry.npmjs.org/culvert/-/culvert-0.1.2.tgz 1112ms (cache miss)
862 http fetch GET 200 https://registry.npmjs.org/yallist/-/yallist-4.0.0.tgz 1115ms (cache miss)
863 http fetch GET 200 https://registry.npmjs.org/ini/-/ini-1.3.8.tgz 1113ms (cache miss)
864 http fetch GET 200 https://registry.npmjs.org/module-details-from-path/-/module-details-from-path-1.0.3.tgz 1102ms (cache miss)
865 http fetch GET 200 https://registry.npmjs.org/json-stringify-safe/-/json-stringify-safe-5.0.1.tgz 1135ms (cache miss)
866 http fetch GET 200 https://registry.npmjs.org/supports-preserve-symlinks-flag/-/supports-preserve-symlinks-flag-1.0.0.tgz 1128ms (cache miss)
867 http fetch GET 200 https://registry.npmjs.org/is-number/-/is-number-7.0.0.tgz 1136ms (cache miss)
868 http fetch GET 200 https://registry.npmjs.org/mute-stream/-/mute-stream-0.0.8.tgz 1118ms (cache miss)
869 http fetch GET 200 https://registry.npmjs.org/http-proxy-agent/-/http-proxy-agent-7.0.2.tgz 1105ms (cache miss)
870 http fetch GET 200 https://registry.npmjs.org/tx2/-/tx2-1.0.5.tgz 1148ms (cache miss)
871 http fetch GET 200 https://registry.npmjs.org/https-proxy-agent/-/https-proxy-agent-7.0.6.tgz 1151ms (cache miss)
872 http fetch GET 200 https://registry.npmjs.org/escape-string-regexp/-/escape-string-regexp-4.0.0.tgz 1145ms (cache miss)
873 http fetch GET 200 https://registry.npmjs.org/fill-range/-/fill-range-7.1.1.tgz 1130ms (cache miss)
874 http fetch GET 200 https://registry.npmjs.org/ms/-/ms-2.1.3.tgz 1129ms (cache miss)
875 http fetch GET 200 https://registry.npmjs.org/is-binary-path/-/is-binary-path-2.1.0.tgz 1128ms (cache miss)
876 http fetch GET 200 https://registry.npmjs.org/agent-base/-/agent-base-7.1.3.tgz 1168ms (cache miss)
877 http fetch GET 200 https://registry.npmjs.org/run-series/-/run-series-1.1.9.tgz 1164ms (cache miss)
878 http fetch GET 200 https://registry.npmjs.org/amp/-/amp-0.3.1.tgz 1157ms (cache miss)
879 http fetch GET 200 https://registry.npmjs.org/sax/-/sax-1.4.1.tgz 1154ms (cache miss)
880 http fetch GET 200 https://registry.npmjs.org/binary-extensions/-/binary-extensions-2.3.0.tgz 1152ms (cache miss)
881 http fetch GET 200 https://registry.npmjs.org/color-name/-/color-name-1.1.4.tgz 1151ms (cache miss)
882 http fetch GET 200 https://registry.npmjs.org/estraverse/-/estraverse-5.3.0.tgz 1198ms (cache miss)
883 http fetch GET 200 https://registry.npmjs.org/read/-/read-1.0.7.tgz 1187ms (cache miss)
884 http fetch GET 200 https://registry.npmjs.org/amp-message/-/amp-message-0.1.2.tgz 1176ms (cache miss)
885 http fetch GET 200 https://registry.npmjs.org/charm/-/charm-0.1.2.tgz 1189ms (cache miss)
886 http fetch GET 200 https://registry.npmjs.org/glob-parent/-/glob-parent-5.1.2.tgz 1166ms (cache miss)
887 http fetch GET 200 https://registry.npmjs.org/sprintf-js/-/sprintf-js-1.1.2.tgz 1150ms (cache miss)
888 http fetch GET 200 https://registry.npmjs.org/socks-proxy-agent/-/socks-proxy-agent-8.0.5.tgz 1220ms (cache miss)
889 http fetch GET 200 https://registry.npmjs.org/is-extglob/-/is-extglob-2.1.1.tgz 1201ms (cache miss)
890 http fetch GET 200 https://registry.npmjs.org/normalize-path/-/normalize-path-3.0.0.tgz 1196ms (cache miss)
891 http fetch GET 200 https://registry.npmjs.org/anymatch/-/anymatch-3.1.3.tgz 1192ms (cache miss)
892 http fetch GET 200 https://registry.npmjs.org/function-bind/-/function-bind-1.1.2.tgz 1261ms (cache miss)
893 http fetch GET 200 https://registry.npmjs.org/esutils/-/esutils-2.0.3.tgz 1247ms (cache miss)
894 http fetch GET 200 https://registry.npmjs.org/safer-buffer/-/safer-buffer-2.1.2.tgz 1222ms (cache miss)
895 http fetch GET 200 https://registry.npmjs.org/is-glob/-/is-glob-4.0.3.tgz 1211ms (cache miss)
896 http fetch GET 200 https://registry.npmjs.org/require-in-the-middle/-/require-in-the-middle-5.2.0.tgz 1204ms (cache miss)
897 http fetch GET 200 https://registry.npmjs.org/pm2-deploy/-/pm2-deploy-1.0.2.tgz 1187ms (cache miss)
898 http fetch GET 200 https://registry.npmjs.org/proxy-from-env/-/proxy-from-env-1.1.0.tgz 1251ms (cache miss)
899 http fetch GET 200 https://registry.npmjs.org/readdirp/-/readdirp-3.6.0.tgz 1227ms (cache miss)
900 http fetch GET 200 https://registry.npmjs.org/supports-color/-/supports-color-7.2.0.tgz 1222ms (cache miss)
901 http fetch GET 200 https://registry.npmjs.org/color-convert/-/color-convert-2.0.1.tgz 1221ms (cache miss)
902 http fetch GET 200 https://registry.npmjs.org/debug/-/debug-3.2.7.tgz 1198ms (cache miss)
903 http fetch GET 200 https://registry.npmjs.org/argparse/-/argparse-2.0.1.tgz 1247ms (cache miss)
904 http fetch GET 200 https://registry.npmjs.org/tslib/-/tslib-1.9.3.tgz 1232ms (cache miss)
905 http fetch GET 200 https://registry.npmjs.org/shimmer/-/shimmer-1.2.1.tgz 1232ms (cache miss)
906 http fetch GET 200 https://registry.npmjs.org/proxy-agent/-/proxy-agent-6.4.0.tgz 1231ms (cache miss)
907 http fetch GET 200 https://registry.npmjs.org/pm2-axon-rpc/-/pm2-axon-rpc-0.7.1.tgz 1216ms (cache miss)
908 http fetch GET 200 https://registry.npmjs.org/cli-tableau/-/cli-tableau-2.0.1.tgz 1206ms (cache miss)
909 http fetch GET 200 https://registry.npmjs.org/ansi-styles/-/ansi-styles-4.3.0.tgz 1249ms (cache miss)
910 http fetch GET 200 https://registry.npmjs.org/signal-exit/-/signal-exit-3.0.7.tgz 1247ms (cache miss)
911 http fetch GET 200 https://registry.npmjs.org/to-regex-range/-/to-regex-range-5.0.1.tgz 1280ms (cache miss)
912 http fetch GET 200 https://registry.npmjs.org/follow-redirects/-/follow-redirects-1.15.9.tgz 1279ms (cache miss)
913 http fetch GET 200 https://registry.npmjs.org/source-map-support/-/source-map-support-0.5.21.tgz 1252ms (cache miss)
914 http fetch GET 200 https://registry.npmjs.org/pidusage/-/pidusage-2.0.21.tgz 1250ms (cache miss)
915 http fetch GET 200 https://registry.npmjs.org/pm2-multimeter/-/pm2-multimeter-0.1.2.tgz 1248ms (cache miss)
916 http fetch GET 200 https://registry.npmjs.org/pidusage/-/pidusage-3.0.2.tgz 1247ms (cache miss)
917 http fetch GET 200 https://registry.npmjs.org/mkdirp/-/mkdirp-1.0.4.tgz 1243ms (cache miss)
918 http fetch GET 200 https://registry.npmjs.org/debug/-/debug-4.4.0.tgz 1239ms (cache miss)
919 http fetch GET 200 https://registry.npmjs.org/@pm2/pm2-version-check/-/pm2-version-check-1.0.4.tgz 1228ms (cache miss)
920 http fetch GET 200 https://registry.npmjs.org/lru-cache/-/lru-cache-6.0.0.tgz 1225ms (cache miss)
921 http fetch GET 200 https://registry.npmjs.org/debug/-/debug-4.3.7.tgz 1220ms (cache miss)
922 http fetch GET 200 https://registry.npmjs.org/promptly/-/promptly-2.2.0.tgz 1263ms (cache miss)
923 http fetch GET 200 https://registry.npmjs.org/fclone/-/fclone-1.0.11.tgz 1254ms (cache miss)
924 http fetch GET 200 https://registry.npmjs.org/eventemitter2/-/eventemitter2-5.0.1.tgz 1252ms (cache miss)
925 http fetch GET 200 https://registry.npmjs.org/is-core-module/-/is-core-module-2.16.1.tgz 1344ms (cache miss)
926 http fetch GET 200 https://registry.npmjs.org/ansi-colors/-/ansi-colors-4.1.3.tgz 1301ms (cache miss)
927 http fetch GET 200 https://registry.npmjs.org/eventemitter2/-/eventemitter2-6.4.9.tgz 1246ms (cache miss)
928 http fetch GET 200 https://registry.npmjs.org/sprintf-js/-/sprintf-js-1.1.3.tgz 1356ms (cache miss)
929 http fetch GET 200 https://registry.npmjs.org/safe-buffer/-/safe-buffer-5.2.1.tgz 1315ms (cache miss)
930 http fetch GET 200 https://registry.npmjs.org/chalk/-/chalk-3.0.0.tgz 1263ms (cache miss)
931 http fetch GET 200 https://registry.npmjs.org/data-uri-to-buffer/-/data-uri-to-buffer-6.0.2.tgz 1344ms (cache miss)
932 http fetch GET 200 https://registry.npmjs.org/lru-cache/-/lru-cache-6.0.0.tgz 1255ms (cache miss)
933 http fetch GET 200 https://registry.npmjs.org/debug/-/debug-4.3.7.tgz 1259ms (cache miss)
934 http fetch GET 200 https://registry.npmjs.org/debug/-/debug-4.3.7.tgz 1262ms (cache miss)
935 http fetch GET 200 https://registry.npmjs.org/commander/-/commander-2.15.1.tgz 1282ms (cache miss)
936 http fetch GET 200 https://registry.npmjs.org/degenerator/-/degenerator-5.0.1.tgz 1363ms (cache miss)
937 http fetch GET 200 https://registry.npmjs.org/eventemitter2/-/eventemitter2-6.4.9.tgz 1278ms (cache miss)
938 http fetch GET 200 https://registry.npmjs.org/ws/-/ws-7.5.10.tgz 1351ms (cache miss)
939 http fetch GET 200 https://registry.npmjs.org/smart-buffer/-/smart-buffer-4.2.0.tgz 1449ms (cache miss)
940 http fetch GET 200 https://registry.npmjs.org/lru-cache/-/lru-cache-7.18.3.tgz 1424ms (cache miss)
941 http fetch GET 200 https://registry.npmjs.org/chokidar/-/chokidar-3.6.0.tgz 1357ms (cache miss)
942 http fetch GET 200 https://registry.npmjs.org/tslib/-/tslib-2.8.1.tgz 1440ms (cache miss)
943 http fetch GET 200 https://registry.npmjs.org/tv4/-/tv4-1.3.0.tgz 1441ms (cache miss)
944 http fetch GET 200 https://registry.npmjs.org/braces/-/braces-3.0.3.tgz 1425ms (cache miss)
945 http fetch GET 200 https://registry.npmjs.org/pm2-axon/-/pm2-axon-4.0.1.tgz 1408ms (cache miss)
946 http fetch GET 200 https://registry.npmjs.org/pm2-sysmonit/-/pm2-sysmonit-1.2.8.tgz 1416ms (cache miss)
947 http fetch GET 200 https://registry.npmjs.org/basic-ftp/-/basic-ftp-5.0.5.tgz 1481ms (cache miss)
948 http fetch GET 200 https://registry.npmjs.org/picomatch/-/picomatch-2.3.1.tgz 1462ms (cache miss)
949 http fetch GET 200 https://registry.npmjs.org/get-uri/-/get-uri-6.0.4.tgz 1496ms (cache miss)
950 http fetch GET 200 https://registry.npmjs.org/fast-json-patch/-/fast-json-patch-3.1.1.tgz 1463ms (cache miss)
951 http fetch GET 200 https://registry.npmjs.org/esprima/-/esprima-4.0.1.tgz 1564ms (cache miss)
952 http fetch GET 200 https://registry.npmjs.org/croner/-/croner-4.1.97.tgz 1505ms (cache miss)
953 http fetch GET 200 https://registry.npmjs.org/ip-address/-/ip-address-9.0.5.tgz 1605ms (cache miss)
954 http fetch GET 200 https://registry.npmjs.org/iconv-lite/-/iconv-lite-0.4.24.tgz 1583ms (cache miss)
955 http fetch GET 200 https://registry.npmjs.org/socks/-/socks-2.8.4.tgz 1641ms (cache miss)
956 http fetch GET 200 https://registry.npmjs.org/vizion/-/vizion-2.2.1.tgz 1594ms (cache miss)
957 http fetch GET 200 https://registry.npmjs.org/needle/-/needle-2.4.0.tgz 1596ms (cache miss)
958 http fetch GET 200 https://registry.npmjs.org/pako/-/pako-0.2.9.tgz 1721ms (cache miss)
959 http fetch GET 200 https://registry.npmjs.org/enquirer/-/enquirer-2.3.6.tgz 1629ms (cache miss)
960 http fetch GET 200 https://registry.npmjs.org/semver/-/semver-7.5.4.tgz 1611ms (cache miss)
961 http fetch GET 200 https://registry.npmjs.org/@pm2/agent/-/agent-2.1.1.tgz 1624ms (cache miss)
962 http fetch GET 200 https://registry.npmjs.org/semver/-/semver-7.7.1.tgz 1662ms (cache miss)
963 http fetch GET 200 https://registry.npmjs.org/pac-resolver/-/pac-resolver-7.0.1.tgz 1719ms (cache miss)
964 http fetch GET 200 https://registry.npmjs.org/js-yaml/-/js-yaml-4.1.0.tgz 1653ms (cache miss)
965 http fetch GET 200 https://registry.npmjs.org/semver/-/semver-7.5.4.tgz 1637ms (cache miss)
966 http fetch GET 200 https://registry.npmjs.org/source-map/-/source-map-0.6.1.tgz 1792ms (cache miss)
967 http fetch GET 200 https://registry.npmjs.org/@pm2/js-api/-/js-api-0.8.0.tgz 1705ms (cache miss)
968 http fetch GET 200 https://registry.npmjs.org/extrareqp2/-/extrareqp2-1.0.0.tgz 1766ms (cache miss)
969 http fetch GET 200 https://registry.npmjs.org/ast-types/-/ast-types-0.13.4.tgz 1850ms (cache miss)
970 http fetch GET 200 https://registry.npmjs.org/js-git/-/js-git-0.7.8.tgz 1892ms (cache miss)
971 http fetch GET 200 https://registry.npmjs.org/systeminformation/-/systeminformation-5.25.11.tgz 1866ms (cache miss)
972 http fetch GET 200 https://registry.npmjs.org/@pm2/io/-/io-6.1.0.tgz 1891ms (cache miss)
973 http fetch GET 200 https://registry.npmjs.org/async/-/async-2.6.4.tgz 1915ms (cache miss)
974 http fetch GET 200 https://registry.npmjs.org/async/-/async-2.6.4.tgz 1913ms (cache miss)
975 http fetch GET 200 https://registry.npmjs.org/async/-/async-2.6.4.tgz 1949ms (cache miss)
976 http fetch GET 200 https://registry.npmjs.org/async/-/async-3.2.6.tgz 1953ms (cache miss)
977 http fetch GET 200 https://registry.npmjs.org/resolve/-/resolve-1.22.10.tgz 2056ms (cache miss)
978 http fetch GET 200 https://registry.npmjs.org/blessed/-/blessed-0.1.81.tgz 1973ms (cache miss)
979 http fetch GET 200 https://registry.npmjs.org/@tootallnate/quickjs-emscripten/-/quickjs-emscripten-0.23.0.tgz 2057ms (cache miss)
980 http fetch GET 200 https://registry.npmjs.org/pm2/-/pm2-6.0.5.tgz 2096ms (cache miss)
981 http fetch GET 200 https://registry.npmjs.org/dayjs/-/dayjs-1.8.36.tgz 2133ms (cache miss)
982 http fetch GET 200 https://registry.npmjs.org/dayjs/-/dayjs-1.11.13.tgz 2186ms (cache miss)
983 http fetch GET 200 https://registry.npmjs.org/lodash/-/lodash-4.17.21.tgz 2379ms (cache miss)
984 silly ADD node_modules/pm2
985 silly ADD node_modules/pm2/node_modules/lodash
986 silly ADD node_modules/pm2/node_modules/yallist
987 silly ADD node_modules/pm2/node_modules/pako
988 silly ADD node_modules/pm2/node_modules/git-sha1
989 silly ADD node_modules/pm2/node_modules/culvert
990 silly ADD node_modules/pm2/node_modules/bodec
991 silly ADD node_modules/pm2/node_modules/js-git
992 silly ADD node_modules/pm2/node_modules/ini
993 silly ADD node_modules/pm2/node_modules/git-node-fs
994 silly ADD node_modules/pm2/node_modules/json-stringify-safe
995 silly ADD node_modules/pm2/node_modules/is-number
996 silly ADD node_modules/pm2/node_modules/has-flag
997 silly ADD node_modules/pm2/node_modules/buffer-from
998 silly ADD node_modules/pm2/node_modules/jsbn
999 silly ADD node_modules/pm2/node_modules/smart-buffer
1000 silly ADD node_modules/pm2/node_modules/ip-address
1001 silly ADD node_modules/pm2/node_modules/ip-address/node_modules/sprintf-js
1002 silly ADD node_modules/pm2/node_modules/socks
1003 silly ADD node_modules/pm2/node_modules/function-bind
1004 silly ADD node_modules/pm2/node_modules/hasown
1005 silly ADD node_modules/pm2/node_modules/supports-preserve-symlinks-flag
1006 silly ADD node_modules/pm2/node_modules/path-parse
1007 silly ADD node_modules/pm2/node_modules/is-core-module
1008 silly ADD node_modules/pm2/node_modules/resolve
1009 silly ADD node_modules/pm2/node_modules/module-details-from-path
1010 silly ADD node_modules/pm2/node_modules/mute-stream
1011 silly ADD node_modules/pm2/node_modules/source-map
1012 silly ADD node_modules/pm2/node_modules/esutils
1013 silly ADD node_modules/pm2/node_modules/estraverse
1014 silly ADD node_modules/pm2/node_modules/esprima
1015 silly ADD node_modules/pm2/node_modules/escodegen
1016 silly ADD node_modules/pm2/node_modules/ast-types
1017 silly ADD node_modules/pm2/node_modules/ast-types/node_modules/tslib
1018 silly ADD node_modules/pm2/node_modules/netmask
1019 silly ADD node_modules/pm2/node_modules/degenerator
1020 silly ADD node_modules/pm2/node_modules/data-uri-to-buffer
1021 silly ADD node_modules/pm2/node_modules/basic-ftp
1022 silly ADD node_modules/pm2/node_modules/pac-resolver
1023 silly ADD node_modules/pm2/node_modules/get-uri
1024 silly ADD node_modules/pm2/node_modules/@tootallnate/quickjs-emscripten
1025 silly ADD node_modules/pm2/node_modules/socks-proxy-agent
1026 silly ADD node_modules/pm2/node_modules/proxy-from-env
1027 silly ADD node_modules/pm2/node_modules/pac-proxy-agent
1028 silly ADD node_modules/pm2/node_modules/lru-cache
1029 silly ADD node_modules/pm2/node_modules/https-proxy-agent
1030 silly ADD node_modules/pm2/node_modules/http-proxy-agent
1031 silly ADD node_modules/pm2/node_modules/agent-base
1032 silly ADD node_modules/pm2/node_modules/read
1033 silly ADD node_modules/pm2/node_modules/tx2
1034 silly ADD node_modules/pm2/node_modules/systeminformation
1035 silly ADD node_modules/pm2/node_modules/charm
1036 silly ADD node_modules/pm2/node_modules/tv4
1037 silly ADD node_modules/pm2/node_modules/run-series
1038 silly ADD node_modules/pm2/node_modules/escape-string-regexp
1039 silly ADD node_modules/pm2/node_modules/amp-message
1040 silly ADD node_modules/pm2/node_modules/amp
1041 silly ADD node_modules/pm2/node_modules/safe-buffer
1042 silly ADD node_modules/pm2/node_modules/safer-buffer
1043 silly ADD node_modules/pm2/node_modules/sax
1044 silly ADD node_modules/pm2/node_modules/iconv-lite
1045 silly ADD node_modules/pm2/node_modules/argparse
1046 silly ADD node_modules/pm2/node_modules/is-extglob
1047 silly ADD node_modules/pm2/node_modules/binary-extensions
1048 silly ADD node_modules/pm2/node_modules/to-regex-range
1049 silly ADD node_modules/pm2/node_modules/follow-redirects
1050 silly ADD node_modules/pm2/node_modules/ansi-colors
1051 silly ADD node_modules/pm2/node_modules/ms
1052 silly ADD node_modules/pm2/node_modules/color-name
1053 silly ADD node_modules/pm2/node_modules/fill-range
1054 silly ADD node_modules/pm2/node_modules/picomatch
1055 silly ADD node_modules/pm2/node_modules/readdirp
1056 silly ADD node_modules/pm2/node_modules/normalize-path
1057 silly ADD node_modules/pm2/node_modules/is-glob
1058 silly ADD node_modules/pm2/node_modules/is-binary-path
1059 silly ADD node_modules/pm2/node_modules/glob-parent
1060 silly ADD
1061 silly ADD node_modules/pm2/node_modules/braces
1062 silly ADD node_modules/pm2/node_modules/anymatch
1063 silly ADD node_modules/pm2/node_modules/color-convert
1064 silly ADD node_modules/pm2/node_modules/supports-color
1065 silly ADD node_modules/pm2/node_modules/ansi-styles
1066 silly ADD node_modules/pm2/node_modules/extrareqp2
1067 silly ADD node_modules/pm2/node_modules/tslib
1068 silly ADD node_modules/pm2/node_modules/signal-exit
1069 silly ADD node_modules/pm2/node_modules/shimmer
1070 silly ADD node_modules/pm2/node_modules/require-in-the-middle
1071 silly ADD node_modules/pm2/node_modules/ws
1072 silly ADD node_modules/pm2/node_modules/proxy-agent
1073 silly ADD node_modules/pm2/node_modules/fast-json-patch
1074 silly ADD node_modules/pm2/node_modules/vizion
1075 silly ADD node_modules/pm2/node_modules/vizion/node_modules/async
1076 silly ADD node_modules/pm2/node_modules/sprintf-js
1077 silly ADD node_modules/pm2/node_modules/source-map-support
1078 silly ADD node_modules/pm2/node_modules/semver
1079 silly ADD node_modules/pm2/node_modules/promptly
1080 silly ADD node_modules/pm2/node_modules/pm2-sysmonit
1081 silly ADD node_modules/pm2/node_modules/pm2-sysmonit/node_modules/pidusage
1082 silly ADD node_modules/pm2/node_modules/pm2-multimeter
1083 silly ADD node_modules/pm2/node_modules/pm2-deploy
1084 silly ADD node_modules/pm2/node_modules/pm2-axon-rpc
1085 silly ADD node_modules/pm2/node_modules/pm2-axon
1086 silly ADD node_modules/pm2/node_modules/pidusage
1087 silly ADD node_modules/pm2/node_modules/needle
1088 silly ADD node_modules/pm2/node_modules/needle/node_modules/debug
1089 silly ADD node_modules/pm2/node_modules/mkdirp
1090 silly ADD node_modules/pm2/node_modules/js-yaml
1091 silly ADD node_modules/pm2/node_modules/fclone
1092 silly ADD node_modules/pm2/node_modules/eventemitter2
1093 silly ADD node_modules/pm2/node_modules/enquirer
1094 silly ADD node_modules/pm2/node_modules/debug
1095 silly ADD node_modules/pm2/node_modules/dayjs
1096 silly ADD node_modules/pm2/node_modules/croner
1097 silly ADD node_modules/pm2/node_modules/commander
1098 silly ADD node_modules/pm2/node_modules/cli-tableau
1099 silly ADD node_modules/pm2/node_modules/chokidar
1100 silly ADD node_modules/pm2/node_modules/chalk
1101 silly ADD node_modules/pm2/node_modules/blessed
1102 silly ADD node_modules/pm2/node_modules/async
1103 silly ADD node_modules/pm2/node_modules/@pm2/pm2-version-check
1104 silly ADD node_modules/pm2/node_modules/@pm2/js-api
1105 silly ADD node_modules/pm2/node_modules/@pm2/js-api/node_modules/eventemitter2
1106 silly ADD node_modules/pm2/node_modules/@pm2/js-api/node_modules/debug
1107 silly ADD node_modules/pm2/node_modules/@pm2/js-api/node_modules/async
1108 silly ADD node_modules/pm2/node_modules/@pm2/io
1109 silly ADD node_modules/pm2/node_modules/@pm2/io/node_modules/lru-cache
1110 silly ADD node_modules/pm2/node_modules/@pm2/io/node_modules/semver
1111 silly ADD node_modules/pm2/node_modules/@pm2/io/node_modules/eventemitter2
1112 silly ADD node_modules/pm2/node_modules/@pm2/io/node_modules/debug
1113 silly ADD node_modules/pm2/node_modules/@pm2/io/node_modules/async
1114 silly ADD node_modules/pm2/node_modules/@pm2/agent
1115 silly ADD node_modules/pm2/node_modules/@pm2/agent/node_modules/lru-cache
1116 silly ADD node_modules/pm2/node_modules/@pm2/agent/node_modules/semver
1117 silly ADD node_modules/pm2/node_modules/@pm2/agent/node_modules/debug
1118 silly ADD node_modules/pm2/node_modules/@pm2/agent/node_modules/dayjs
1119 verbose cwd /root
1120 verbose os Linux 6.11.0-9-generic
1121 verbose node v20.19.1
1122 verbose npm  v10.8.2
1123 notice
1123 notice New [31mmajor[39m version of npm available! [31m10.8.2[39m -> [34m11.3.0[39m
1123 notice Changelog: [34mhttps://github.com/npm/cli/releases/tag/v11.3.0[39m
1123 notice To update run: [4mnpm install -g npm@11.3.0[24m
1123 notice  { force: true, [Symbol(proc-log.meta)]: true }
1124 verbose exit 0
1125 info ok
